{"C:\\Users\\chars\\Desktop\\Study Stuff\\FDFDE\\FDFED_2\\Backend\\app.js": {"path":"C:\\Users\\chars\\Desktop\\Study Stuff\\FDFDE\\FDFED_2\\Backend\\app.js","statementMap":{"0":{"start":{"line":1,"column":19},"end":{"line":1,"column":41}},"1":{"start":{"line":2,"column":15},"end":{"line":2,"column":32}},"2":{"start":{"line":3,"column":14},"end":{"line":3,"column":29}},"3":{"start":{"line":5,"column":13},"end":{"line":5,"column":28}},"4":{"start":{"line":6,"column":13},"end":{"line":6,"column":30}},"5":{"start":{"line":7,"column":8},"end":{"line":7,"column":39}},"6":{"start":{"line":8,"column":15},"end":{"line":8,"column":32}},"7":{"start":{"line":9,"column":18},"end":{"line":9,"column":47}},"8":{"start":{"line":10,"column":16},"end":{"line":10,"column":34}},"9":{"start":{"line":11,"column":23},"end":{"line":11,"column":51}},"10":{"start":{"line":15,"column":0},"end":{"line":15,"column":16}},"11":{"start":{"line":18,"column":20},"end":{"line":18,"column":52}},"12":{"start":{"line":19,"column":20},"end":{"line":19,"column":98}},"13":{"start":{"line":23,"column":12},"end":{"line":23,"column":21}},"14":{"start":{"line":26,"column":0},"end":{"line":26,"column":97}},"15":{"start":{"line":27,"column":0},"end":{"line":27,"column":55}},"16":{"start":{"line":31,"column":19},"end":{"line":31,"column":52}},"17":{"start":{"line":32,"column":19},"end":{"line":32,"column":52}},"18":{"start":{"line":33,"column":22},"end":{"line":33,"column":58}},"19":{"start":{"line":34,"column":22},"end":{"line":34,"column":58}},"20":{"start":{"line":35,"column":21},"end":{"line":35,"column":56}},"21":{"start":{"line":36,"column":20},"end":{"line":36,"column":54}},"22":{"start":{"line":37,"column":18},"end":{"line":37,"column":45}},"23":{"start":{"line":40,"column":15},"end":{"line":40,"column":65}},"24":{"start":{"line":43,"column":0},"end":{"line":43,"column":51}},"25":{"start":{"line":44,"column":0},"end":{"line":44,"column":47}},"26":{"start":{"line":45,"column":0},"end":{"line":45,"column":24}},"27":{"start":{"line":47,"column":0},"end":{"line":47,"column":25}},"28":{"start":{"line":48,"column":0},"end":{"line":48,"column":16}},"29":{"start":{"line":51,"column":0},"end":{"line":51,"column":12}},"30":{"start":{"line":54,"column":0},"end":{"line":71,"column":2}},"31":{"start":{"line":73,"column":0},"end":{"line":83,"column":2}},"32":{"start":{"line":85,"column":0},"end":{"line":95,"column":2}},"33":{"start":{"line":96,"column":0},"end":{"line":106,"column":2}},"34":{"start":{"line":108,"column":0},"end":{"line":117,"column":2}},"35":{"start":{"line":119,"column":0},"end":{"line":123,"column":2}},"36":{"start":{"line":126,"column":0},"end":{"line":136,"column":2}},"37":{"start":{"line":135,"column":2},"end":{"line":135,"column":47}},"38":{"start":{"line":139,"column":0},"end":{"line":139,"column":68}},"39":{"start":{"line":141,"column":13},"end":{"line":141,"column":17}},"40":{"start":{"line":142,"column":0},"end":{"line":144,"column":2}},"41":{"start":{"line":143,"column":4},"end":{"line":143,"column":62}},"42":{"start":{"line":147,"column":0},"end":{"line":155,"column":5}},"43":{"start":{"line":148,"column":23},"end":{"line":148,"column":44}},"44":{"start":{"line":149,"column":20},"end":{"line":149,"column":58}},"45":{"start":{"line":150,"column":4},"end":{"line":154,"column":7}},"46":{"start":{"line":158,"column":0},"end":{"line":158,"column":21}}},"fnMap":{"0":{"name":"(anonymous_0)","decl":{"start":{"line":126,"column":17},"end":{"line":126,"column":18}},"loc":{"start":{"line":126,"column":28},"end":{"line":136,"column":1}},"line":126},"1":{"name":"(anonymous_1)","decl":{"start":{"line":142,"column":17},"end":{"line":142,"column":18}},"loc":{"start":{"line":142,"column":31},"end":{"line":144,"column":1}},"line":142},"2":{"name":"(anonymous_2)","decl":{"start":{"line":147,"column":8},"end":{"line":147,"column":9}},"loc":{"start":{"line":147,"column":33},"end":{"line":155,"column":3}},"line":147}},"branchMap":{"0":{"loc":{"start":{"line":148,"column":23},"end":{"line":148,"column":44}},"type":"binary-expr","locations":[{"start":{"line":148,"column":23},"end":{"line":148,"column":37}},{"start":{"line":148,"column":41},"end":{"line":148,"column":44}}],"line":148},"1":{"loc":{"start":{"line":149,"column":20},"end":{"line":149,"column":58}},"type":"binary-expr","locations":[{"start":{"line":149,"column":20},"end":{"line":149,"column":31}},{"start":{"line":149,"column":35},"end":{"line":149,"column":58}}],"line":149}},"s":{"0":1,"1":1,"2":1,"3":1,"4":1,"5":1,"6":1,"7":1,"8":1,"9":1,"10":1,"11":1,"12":1,"13":1,"14":1,"15":1,"16":1,"17":1,"18":1,"19":1,"20":1,"21":1,"22":1,"23":1,"24":1,"25":1,"26":1,"27":1,"28":1,"29":1,"30":1,"31":1,"32":1,"33":1,"34":1,"35":1,"36":1,"37":0,"38":1,"39":1,"40":1,"41":1,"42":1,"43":0,"44":0,"45":0,"46":1},"f":{"0":0,"1":1,"2":0},"b":{"0":[0,0],"1":[0,0]},"_coverageSchema":"1a1c01bbd47fc00a2c39e90264f33305004495a9","hash":"4d2597bd8fad57c895155dcd1fa2414245516fe0"}
,"C:\\Users\\chars\\Desktop\\Study Stuff\\FDFDE\\FDFED_2\\Backend\\mainServer.js": {"path":"C:\\Users\\chars\\Desktop\\Study Stuff\\FDFDE\\FDFED_2\\Backend\\mainServer.js","statementMap":{"0":{"start":{"line":1,"column":19},"end":{"line":1,"column":46}},"1":{"start":{"line":2,"column":22},"end":{"line":2,"column":52}},"2":{"start":{"line":3,"column":22},"end":{"line":3,"column":52}},"3":{"start":{"line":4,"column":22},"end":{"line":4,"column":51}},"4":{"start":{"line":6,"column":19},"end":{"line":6,"column":41}},"5":{"start":{"line":9,"column":16},"end":{"line":9,"column":34}},"6":{"start":{"line":10,"column":13},"end":{"line":10,"column":28}},"7":{"start":{"line":11,"column":12},"end":{"line":11,"column":21}},"8":{"start":{"line":12,"column":12},"end":{"line":12,"column":26}},"9":{"start":{"line":14,"column":17},"end":{"line":14,"column":36}},"10":{"start":{"line":15,"column":18},"end":{"line":15,"column":41}},"11":{"start":{"line":16,"column":14},"end":{"line":16,"column":40}},"12":{"start":{"line":18,"column":20},"end":{"line":18,"column":33}},"13":{"start":{"line":19,"column":13},"end":{"line":19,"column":40}},"14":{"start":{"line":21,"column":0},"end":{"line":21,"column":51}},"15":{"start":{"line":22,"column":0},"end":{"line":22,"column":47}},"16":{"start":{"line":23,"column":0},"end":{"line":23,"column":34}},"17":{"start":{"line":24,"column":0},"end":{"line":24,"column":24}},"18":{"start":{"line":28,"column":0},"end":{"line":28,"column":30}},"19":{"start":{"line":29,"column":0},"end":{"line":29,"column":27}},"20":{"start":{"line":30,"column":0},"end":{"line":30,"column":12}},"21":{"start":{"line":31,"column":0},"end":{"line":36,"column":3}},"22":{"start":{"line":38,"column":0},"end":{"line":63,"column":2}},"23":{"start":{"line":39,"column":4},"end":{"line":62,"column":5}},"24":{"start":{"line":40,"column":8},"end":{"line":46,"column":5}},"25":{"start":{"line":41,"column":8},"end":{"line":41,"column":33}},"26":{"start":{"line":42,"column":8},"end":{"line":45,"column":10}},"27":{"start":{"line":43,"column":12},"end":{"line":43,"column":38}},"28":{"start":{"line":44,"column":12},"end":{"line":44,"column":25}},"29":{"start":{"line":48,"column":4},"end":{"line":54,"column":5}},"30":{"start":{"line":49,"column":8},"end":{"line":49,"column":33}},"31":{"start":{"line":50,"column":8},"end":{"line":53,"column":10}},"32":{"start":{"line":51,"column":12},"end":{"line":51,"column":38}},"33":{"start":{"line":52,"column":12},"end":{"line":52,"column":25}},"34":{"start":{"line":60,"column":8},"end":{"line":60,"column":38}},"35":{"start":{"line":61,"column":8},"end":{"line":61,"column":21}},"36":{"start":{"line":65,"column":0},"end":{"line":72,"column":2}},"37":{"start":{"line":66,"column":4},"end":{"line":71,"column":5}},"38":{"start":{"line":67,"column":4},"end":{"line":67,"column":62}},"39":{"start":{"line":70,"column":8},"end":{"line":70,"column":71}},"40":{"start":{"line":75,"column":0},"end":{"line":95,"column":2}},"41":{"start":{"line":76,"column":4},"end":{"line":94,"column":46}},"42":{"start":{"line":78,"column":9},"end":{"line":90,"column":9}},"43":{"start":{"line":80,"column":12},"end":{"line":89,"column":10}},"44":{"start":{"line":88,"column":12},"end":{"line":88,"column":47}},"45":{"start":{"line":94,"column":9},"end":{"line":94,"column":46}},"46":{"start":{"line":97,"column":0},"end":{"line":117,"column":2}},"47":{"start":{"line":98,"column":4},"end":{"line":116,"column":46}},"48":{"start":{"line":100,"column":9},"end":{"line":112,"column":9}},"49":{"start":{"line":102,"column":12},"end":{"line":111,"column":10}},"50":{"start":{"line":110,"column":12},"end":{"line":110,"column":50}},"51":{"start":{"line":116,"column":9},"end":{"line":116,"column":46}},"52":{"start":{"line":121,"column":0},"end":{"line":158,"column":2}},"53":{"start":{"line":122,"column":4},"end":{"line":156,"column":5}},"54":{"start":{"line":124,"column":8},"end":{"line":124,"column":36}},"55":{"start":{"line":125,"column":8},"end":{"line":125,"column":32}},"56":{"start":{"line":127,"column":8},"end":{"line":127,"column":33}},"57":{"start":{"line":128,"column":8},"end":{"line":128,"column":40}},"58":{"start":{"line":130,"column":8},"end":{"line":134,"column":9}},"59":{"start":{"line":131,"column":12},"end":{"line":131,"column":35}},"60":{"start":{"line":133,"column":12},"end":{"line":133,"column":60}},"61":{"start":{"line":136,"column":8},"end":{"line":149,"column":9}},"62":{"start":{"line":138,"column":8},"end":{"line":145,"column":13}},"63":{"start":{"line":140,"column":20},"end":{"line":142,"column":29}},"64":{"start":{"line":141,"column":24},"end":{"line":141,"column":63}},"65":{"start":{"line":148,"column":12},"end":{"line":148,"column":53}},"66":{"start":{"line":155,"column":8},"end":{"line":155,"column":45}},"67":{"start":{"line":160,"column":0},"end":{"line":179,"column":2}},"68":{"start":{"line":162,"column":4},"end":{"line":178,"column":56}},"69":{"start":{"line":163,"column":4},"end":{"line":163,"column":28}},"70":{"start":{"line":164,"column":4},"end":{"line":164,"column":36}},"71":{"start":{"line":166,"column":4},"end":{"line":174,"column":7}},"72":{"start":{"line":167,"column":8},"end":{"line":173,"column":11}},"73":{"start":{"line":168,"column":12},"end":{"line":168,"column":27}},"74":{"start":{"line":171,"column":12},"end":{"line":173,"column":10}},"75":{"start":{"line":172,"column":12},"end":{"line":172,"column":71}},"76":{"start":{"line":178,"column":4},"end":{"line":178,"column":56}},"77":{"start":{"line":181,"column":0},"end":{"line":220,"column":2}},"78":{"start":{"line":184,"column":4},"end":{"line":184,"column":23}},"79":{"start":{"line":186,"column":4},"end":{"line":218,"column":10}},"80":{"start":{"line":187,"column":8},"end":{"line":216,"column":13}},"81":{"start":{"line":188,"column":16},"end":{"line":188,"column":90}},"82":{"start":{"line":191,"column":16},"end":{"line":191,"column":38}},"83":{"start":{"line":192,"column":31},"end":{"line":192,"column":43}},"84":{"start":{"line":194,"column":32},"end":{"line":194,"column":70}},"85":{"start":{"line":195,"column":20},"end":{"line":195,"column":52}},"86":{"start":{"line":197,"column":20},"end":{"line":211,"column":18}},"87":{"start":{"line":199,"column":20},"end":{"line":208,"column":18}},"88":{"start":{"line":200,"column":24},"end":{"line":207,"column":22}},"89":{"start":{"line":206,"column":28},"end":{"line":206,"column":91}},"90":{"start":{"line":224,"column":0},"end":{"line":227,"column":2}},"91":{"start":{"line":225,"column":18},"end":{"line":225,"column":43}},"92":{"start":{"line":226,"column":4},"end":{"line":226,"column":48}},"93":{"start":{"line":230,"column":0},"end":{"line":233,"column":2}},"94":{"start":{"line":231,"column":21},"end":{"line":231,"column":49}},"95":{"start":{"line":232,"column":4},"end":{"line":232,"column":57}},"96":{"start":{"line":235,"column":0},"end":{"line":241,"column":2}},"97":{"start":{"line":236,"column":15},"end":{"line":236,"column":28}},"98":{"start":{"line":237,"column":4},"end":{"line":237,"column":43}},"99":{"start":{"line":238,"column":18},"end":{"line":238,"column":43}},"100":{"start":{"line":239,"column":4},"end":{"line":239,"column":48}},"101":{"start":{"line":244,"column":0},"end":{"line":254,"column":2}},"102":{"start":{"line":245,"column":15},"end":{"line":245,"column":28}},"103":{"start":{"line":246,"column":20},"end":{"line":246,"column":46}},"104":{"start":{"line":247,"column":4},"end":{"line":247,"column":46}},"105":{"start":{"line":249,"column":4},"end":{"line":249,"column":60}},"106":{"start":{"line":251,"column":21},"end":{"line":251,"column":49}},"107":{"start":{"line":252,"column":4},"end":{"line":252,"column":57}},"108":{"start":{"line":256,"column":0},"end":{"line":261,"column":2}},"109":{"start":{"line":257,"column":20},"end":{"line":257,"column":48}},"110":{"start":{"line":259,"column":4},"end":{"line":259,"column":57}},"111":{"start":{"line":263,"column":0},"end":{"line":270,"column":2}},"112":{"start":{"line":264,"column":15},"end":{"line":264,"column":28}},"113":{"start":{"line":265,"column":4},"end":{"line":265,"column":46}},"114":{"start":{"line":266,"column":20},"end":{"line":266,"column":48}},"115":{"start":{"line":268,"column":4},"end":{"line":268,"column":57}},"116":{"start":{"line":292,"column":0},"end":{"line":320,"column":5}},"117":{"start":{"line":293,"column":21},"end":{"line":293,"column":38}},"118":{"start":{"line":294,"column":24},"end":{"line":294,"column":41}},"119":{"start":{"line":297,"column":4},"end":{"line":319,"column":5}},"120":{"start":{"line":299,"column":19},"end":{"line":299,"column":67}},"121":{"start":{"line":301,"column":6},"end":{"line":304,"column":7}},"122":{"start":{"line":303,"column":8},"end":{"line":303,"column":67}},"123":{"start":{"line":307,"column":6},"end":{"line":307,"column":34}},"124":{"start":{"line":310,"column":6},"end":{"line":310,"column":24}},"125":{"start":{"line":314,"column":4},"end":{"line":314,"column":27}},"126":{"start":{"line":317,"column":6},"end":{"line":317,"column":37}},"127":{"start":{"line":318,"column":6},"end":{"line":318,"column":90}},"128":{"start":{"line":322,"column":0},"end":{"line":349,"column":10}},"129":{"start":{"line":323,"column":4},"end":{"line":348,"column":13}},"130":{"start":{"line":324,"column":8},"end":{"line":324,"column":33}},"131":{"start":{"line":325,"column":8},"end":{"line":325,"column":32}},"132":{"start":{"line":326,"column":8},"end":{"line":326,"column":28}},"133":{"start":{"line":327,"column":8},"end":{"line":327,"column":24}},"134":{"start":{"line":331,"column":8},"end":{"line":345,"column":18}},"135":{"start":{"line":333,"column":22},"end":{"line":333,"column":50}},"136":{"start":{"line":334,"column":12},"end":{"line":343,"column":18}},"137":{"start":{"line":335,"column":15},"end":{"line":335,"column":63}},"138":{"start":{"line":338,"column":17},"end":{"line":338,"column":36}},"139":{"start":{"line":339,"column":17},"end":{"line":342,"column":55}},"140":{"start":{"line":347,"column":18},"end":{"line":347,"column":31}},"141":{"start":{"line":352,"column":0},"end":{"line":372,"column":2}},"142":{"start":{"line":355,"column":4},"end":{"line":355,"column":34}},"143":{"start":{"line":357,"column":4},"end":{"line":371,"column":7}},"144":{"start":{"line":358,"column":8},"end":{"line":370,"column":10}},"145":{"start":{"line":359,"column":12},"end":{"line":359,"column":27}},"146":{"start":{"line":361,"column":12},"end":{"line":370,"column":9}},"147":{"start":{"line":363,"column":16},"end":{"line":368,"column":17}},"148":{"start":{"line":364,"column":20},"end":{"line":364,"column":97}},"149":{"start":{"line":367,"column":20},"end":{"line":367,"column":86}},"150":{"start":{"line":376,"column":4},"end":{"line":381,"column":5}},"151":{"start":{"line":376,"column":17},"end":{"line":376,"column":33}},"152":{"start":{"line":377,"column":16},"end":{"line":377,"column":51}},"153":{"start":{"line":378,"column":19},"end":{"line":378,"column":27}},"154":{"start":{"line":379,"column":8},"end":{"line":379,"column":28}},"155":{"start":{"line":380,"column":8},"end":{"line":380,"column":24}},"156":{"start":{"line":384,"column":0},"end":{"line":445,"column":7}},"157":{"start":{"line":385,"column":4},"end":{"line":385,"column":13}},"158":{"start":{"line":386,"column":4},"end":{"line":386,"column":17}},"159":{"start":{"line":387,"column":4},"end":{"line":425,"column":11}},"160":{"start":{"line":389,"column":8},"end":{"line":389,"column":28}},"161":{"start":{"line":390,"column":8},"end":{"line":394,"column":9}},"162":{"start":{"line":390,"column":20},"end":{"line":390,"column":21}},"163":{"start":{"line":391,"column":11},"end":{"line":393,"column":14}},"164":{"start":{"line":392,"column":16},"end":{"line":392,"column":40}},"165":{"start":{"line":397,"column":8},"end":{"line":399,"column":12}},"166":{"start":{"line":398,"column":12},"end":{"line":398,"column":42}},"167":{"start":{"line":400,"column":8},"end":{"line":400,"column":26}},"168":{"start":{"line":403,"column":8},"end":{"line":405,"column":12}},"169":{"start":{"line":404,"column":12},"end":{"line":404,"column":46}},"170":{"start":{"line":406,"column":8},"end":{"line":406,"column":30}},"171":{"start":{"line":408,"column":8},"end":{"line":410,"column":12}},"172":{"start":{"line":409,"column":12},"end":{"line":409,"column":43}},"173":{"start":{"line":411,"column":8},"end":{"line":411,"column":27}},"174":{"start":{"line":413,"column":8},"end":{"line":415,"column":12}},"175":{"start":{"line":414,"column":12},"end":{"line":414,"column":43}},"176":{"start":{"line":416,"column":10},"end":{"line":416,"column":29}},"177":{"start":{"line":418,"column":8},"end":{"line":420,"column":10}},"178":{"start":{"line":419,"column":12},"end":{"line":419,"column":45}},"179":{"start":{"line":421,"column":8},"end":{"line":421,"column":29}},"180":{"start":{"line":427,"column":8},"end":{"line":444,"column":9}},"181":{"start":{"line":428,"column":8},"end":{"line":435,"column":62}},"182":{"start":{"line":438,"column":12},"end":{"line":443,"column":48}},"183":{"start":{"line":447,"column":0},"end":{"line":494,"column":2}},"184":{"start":{"line":449,"column":4},"end":{"line":449,"column":28}},"185":{"start":{"line":450,"column":4},"end":{"line":450,"column":31}},"186":{"start":{"line":453,"column":0},"end":{"line":493,"column":5}},"187":{"start":{"line":454,"column":3},"end":{"line":490,"column":15}},"188":{"start":{"line":455,"column":7},"end":{"line":455,"column":64}},"189":{"start":{"line":460,"column":8},"end":{"line":490,"column":14}},"190":{"start":{"line":461,"column":12},"end":{"line":488,"column":19}},"191":{"start":{"line":462,"column":16},"end":{"line":462,"column":72}},"192":{"start":{"line":465,"column":40},"end":{"line":465,"column":53}},"193":{"start":{"line":466,"column":35},"end":{"line":466,"column":47}},"194":{"start":{"line":468,"column":20},"end":{"line":475,"column":21}},"195":{"start":{"line":469,"column":36},"end":{"line":469,"column":74}},"196":{"start":{"line":470,"column":24},"end":{"line":470,"column":56}},"197":{"start":{"line":472,"column":24},"end":{"line":474,"column":26}},"198":{"start":{"line":473,"column":24},"end":{"line":473,"column":60}},"199":{"start":{"line":477,"column":20},"end":{"line":480,"column":23}},"200":{"start":{"line":478,"column":24},"end":{"line":478,"column":68}},"201":{"start":{"line":479,"column":24},"end":{"line":479,"column":87}},"202":{"start":{"line":484,"column":20},"end":{"line":484,"column":60}},"203":{"start":{"line":485,"column":20},"end":{"line":488,"column":18}},"204":{"start":{"line":487,"column":24},"end":{"line":487,"column":49}},"205":{"start":{"line":497,"column":0},"end":{"line":497,"column":24}},"206":{"start":{"line":499,"column":0},"end":{"line":573,"column":1}},"207":{"start":{"line":501,"column":22},"end":{"line":501,"column":39}},"208":{"start":{"line":502,"column":21},"end":{"line":502,"column":38}},"209":{"start":{"line":503,"column":18},"end":{"line":503,"column":32}},"210":{"start":{"line":504,"column":17},"end":{"line":504,"column":34}},"211":{"start":{"line":506,"column":21},"end":{"line":506,"column":38}},"212":{"start":{"line":507,"column":4},"end":{"line":507,"column":26}},"213":{"start":{"line":512,"column":4},"end":{"line":572,"column":5}},"214":{"start":{"line":514,"column":21},"end":{"line":514,"column":67}},"215":{"start":{"line":515,"column":8},"end":{"line":515,"column":26}},"216":{"start":{"line":516,"column":8},"end":{"line":520,"column":9}},"217":{"start":{"line":517,"column":12},"end":{"line":517,"column":33}},"218":{"start":{"line":519,"column":12},"end":{"line":519,"column":81}},"219":{"start":{"line":521,"column":24},"end":{"line":526,"column":12}},"220":{"start":{"line":529,"column":10},"end":{"line":537,"column":15}},"221":{"start":{"line":531,"column":14},"end":{"line":531,"column":52}},"222":{"start":{"line":535,"column":14},"end":{"line":535,"column":57}},"223":{"start":{"line":538,"column":12},"end":{"line":538,"column":80}},"224":{"start":{"line":539,"column":12},"end":{"line":539,"column":36}},"225":{"start":{"line":543,"column":21},"end":{"line":543,"column":70}},"226":{"start":{"line":544,"column":8},"end":{"line":544,"column":32}},"227":{"start":{"line":545,"column":8},"end":{"line":548,"column":9}},"228":{"start":{"line":546,"column":12},"end":{"line":546,"column":32}},"229":{"start":{"line":547,"column":12},"end":{"line":547,"column":81}},"230":{"start":{"line":549,"column":24},"end":{"line":554,"column":12}},"231":{"start":{"line":557,"column":10},"end":{"line":565,"column":15}},"232":{"start":{"line":559,"column":14},"end":{"line":559,"column":52}},"233":{"start":{"line":563,"column":14},"end":{"line":563,"column":57}},"234":{"start":{"line":566,"column":12},"end":{"line":566,"column":32}},"235":{"start":{"line":568,"column":12},"end":{"line":568,"column":79}},"236":{"start":{"line":576,"column":0},"end":{"line":660,"column":3}},"237":{"start":{"line":578,"column":21},"end":{"line":578,"column":38}},"238":{"start":{"line":579,"column":21},"end":{"line":579,"column":38}},"239":{"start":{"line":580,"column":17},"end":{"line":580,"column":34}},"240":{"start":{"line":581,"column":4},"end":{"line":581,"column":26}},"241":{"start":{"line":582,"column":4},"end":{"line":585,"column":5}},"242":{"start":{"line":583,"column":8},"end":{"line":583,"column":32}},"243":{"start":{"line":584,"column":8},"end":{"line":584,"column":29}},"244":{"start":{"line":586,"column":4},"end":{"line":658,"column":5}},"245":{"start":{"line":587,"column":8},"end":{"line":587,"column":29}},"246":{"start":{"line":588,"column":8},"end":{"line":623,"column":10}},"247":{"start":{"line":589,"column":12},"end":{"line":620,"column":13}},"248":{"start":{"line":590,"column":16},"end":{"line":590,"column":47}},"249":{"start":{"line":592,"column":16},"end":{"line":592,"column":38}},"250":{"start":{"line":593,"column":16},"end":{"line":593,"column":73}},"251":{"start":{"line":596,"column":16},"end":{"line":619,"column":17}},"252":{"start":{"line":598,"column":16},"end":{"line":598,"column":46}},"253":{"start":{"line":599,"column":16},"end":{"line":599,"column":41}},"254":{"start":{"line":600,"column":16},"end":{"line":600,"column":50}},"255":{"start":{"line":603,"column":16},"end":{"line":603,"column":40}},"256":{"start":{"line":604,"column":16},"end":{"line":604,"column":79}},"257":{"start":{"line":606,"column":16},"end":{"line":610,"column":21}},"258":{"start":{"line":615,"column":20},"end":{"line":615,"column":50}},"259":{"start":{"line":616,"column":20},"end":{"line":616,"column":80}},"260":{"start":{"line":622,"column":12},"end":{"line":622,"column":82}},"261":{"start":{"line":629,"column":8},"end":{"line":655,"column":10}},"262":{"start":{"line":630,"column":12},"end":{"line":652,"column":13}},"263":{"start":{"line":631,"column":16},"end":{"line":631,"column":47}},"264":{"start":{"line":634,"column":16},"end":{"line":651,"column":17}},"265":{"start":{"line":635,"column":16},"end":{"line":635,"column":46}},"266":{"start":{"line":636,"column":16},"end":{"line":636,"column":44}},"267":{"start":{"line":637,"column":16},"end":{"line":637,"column":53}},"268":{"start":{"line":639,"column":16},"end":{"line":639,"column":40}},"269":{"start":{"line":640,"column":16},"end":{"line":640,"column":79}},"270":{"start":{"line":648,"column":20},"end":{"line":648,"column":50}},"271":{"start":{"line":649,"column":20},"end":{"line":649,"column":95}},"272":{"start":{"line":654,"column":12},"end":{"line":654,"column":82}},"273":{"start":{"line":662,"column":0},"end":{"line":673,"column":2}},"274":{"start":{"line":664,"column":3},"end":{"line":664,"column":28}},"275":{"start":{"line":665,"column":3},"end":{"line":665,"column":22}},"276":{"start":{"line":667,"column":3},"end":{"line":671,"column":6}},"277":{"start":{"line":670,"column":8},"end":{"line":670,"column":32}},"278":{"start":{"line":675,"column":0},"end":{"line":681,"column":3}},"279":{"start":{"line":676,"column":4},"end":{"line":676,"column":26}},"280":{"start":{"line":677,"column":4},"end":{"line":677,"column":23}},"281":{"start":{"line":678,"column":4},"end":{"line":678,"column":21}},"282":{"start":{"line":683,"column":0},"end":{"line":686,"column":2}},"283":{"start":{"line":684,"column":20},"end":{"line":684,"column":48}},"284":{"start":{"line":685,"column":4},"end":{"line":685,"column":55}},"285":{"start":{"line":689,"column":0},"end":{"line":694,"column":2}},"286":{"start":{"line":690,"column":15},"end":{"line":690,"column":28}},"287":{"start":{"line":691,"column":4},"end":{"line":691,"column":45}},"288":{"start":{"line":692,"column":20},"end":{"line":692,"column":48}},"289":{"start":{"line":693,"column":4},"end":{"line":693,"column":55}},"290":{"start":{"line":696,"column":0},"end":{"line":699,"column":5}},"291":{"start":{"line":697,"column":4},"end":{"line":697,"column":43}},"292":{"start":{"line":701,"column":15},"end":{"line":701,"column":19}},"293":{"start":{"line":702,"column":2},"end":{"line":704,"column":4}},"294":{"start":{"line":703,"column":6},"end":{"line":703,"column":64}}},"fnMap":{"0":{"name":"(anonymous_0)","decl":{"start":{"line":38,"column":8},"end":{"line":38,"column":9}},"loc":{"start":{"line":38,"column":24},"end":{"line":63,"column":1}},"line":38},"1":{"name":"(anonymous_1)","decl":{"start":{"line":42,"column":43},"end":{"line":42,"column":44}},"loc":{"start":{"line":42,"column":55},"end":{"line":45,"column":9}},"line":42},"2":{"name":"(anonymous_2)","decl":{"start":{"line":50,"column":46},"end":{"line":50,"column":47}},"loc":{"start":{"line":50,"column":58},"end":{"line":53,"column":9}},"line":50},"3":{"name":"(anonymous_3)","decl":{"start":{"line":65,"column":21},"end":{"line":65,"column":22}},"loc":{"start":{"line":65,"column":35},"end":{"line":72,"column":1}},"line":65},"4":{"name":"(anonymous_4)","decl":{"start":{"line":75,"column":21},"end":{"line":75,"column":22}},"loc":{"start":{"line":75,"column":35},"end":{"line":95,"column":1}},"line":75},"5":{"name":"(anonymous_5)","decl":{"start":{"line":78,"column":74},"end":{"line":78,"column":75}},"loc":{"start":{"line":78,"column":83},"end":{"line":89,"column":11}},"line":78},"6":{"name":"(anonymous_6)","decl":{"start":{"line":86,"column":20},"end":{"line":86,"column":21}},"loc":{"start":{"line":86,"column":24},"end":{"line":89,"column":9}},"line":86},"7":{"name":"(anonymous_7)","decl":{"start":{"line":97,"column":24},"end":{"line":97,"column":25}},"loc":{"start":{"line":97,"column":38},"end":{"line":117,"column":1}},"line":97},"8":{"name":"(anonymous_8)","decl":{"start":{"line":100,"column":74},"end":{"line":100,"column":75}},"loc":{"start":{"line":100,"column":83},"end":{"line":111,"column":11}},"line":100},"9":{"name":"(anonymous_9)","decl":{"start":{"line":108,"column":20},"end":{"line":108,"column":21}},"loc":{"start":{"line":108,"column":24},"end":{"line":111,"column":9}},"line":108},"10":{"name":"(anonymous_10)","decl":{"start":{"line":121,"column":30},"end":{"line":121,"column":31}},"loc":{"start":{"line":121,"column":50},"end":{"line":158,"column":1}},"line":121},"11":{"name":"(anonymous_11)","decl":{"start":{"line":138,"column":90},"end":{"line":138,"column":91}},"loc":{"start":{"line":138,"column":94},"end":{"line":144,"column":17}},"line":138},"12":{"name":"(anonymous_12)","decl":{"start":{"line":140,"column":31},"end":{"line":140,"column":32}},"loc":{"start":{"line":140,"column":35},"end":{"line":142,"column":21}},"line":140},"13":{"name":"(anonymous_13)","decl":{"start":{"line":160,"column":33},"end":{"line":160,"column":34}},"loc":{"start":{"line":160,"column":47},"end":{"line":179,"column":1}},"line":160},"14":{"name":"(anonymous_14)","decl":{"start":{"line":166,"column":48},"end":{"line":166,"column":49}},"loc":{"start":{"line":166,"column":57},"end":{"line":174,"column":5}},"line":166},"15":{"name":"(anonymous_15)","decl":{"start":{"line":171,"column":52},"end":{"line":171,"column":53}},"loc":{"start":{"line":171,"column":60},"end":{"line":173,"column":9}},"line":171},"16":{"name":"(anonymous_16)","decl":{"start":{"line":181,"column":32},"end":{"line":181,"column":33}},"loc":{"start":{"line":181,"column":49},"end":{"line":220,"column":1}},"line":181},"17":{"name":"(anonymous_17)","decl":{"start":{"line":186,"column":50},"end":{"line":186,"column":51}},"loc":{"start":{"line":186,"column":70},"end":{"line":218,"column":9}},"line":186},"18":{"name":"(anonymous_18)","decl":{"start":{"line":197,"column":94},"end":{"line":197,"column":95}},"loc":{"start":{"line":197,"column":98},"end":{"line":211,"column":17}},"line":197},"19":{"name":"(anonymous_19)","decl":{"start":{"line":199,"column":71},"end":{"line":199,"column":72}},"loc":{"start":{"line":199,"column":80},"end":{"line":208,"column":17}},"line":199},"20":{"name":"(anonymous_20)","decl":{"start":{"line":205,"column":32},"end":{"line":205,"column":33}},"loc":{"start":{"line":205,"column":36},"end":{"line":207,"column":21}},"line":205},"21":{"name":"(anonymous_21)","decl":{"start":{"line":224,"column":30},"end":{"line":224,"column":31}},"loc":{"start":{"line":224,"column":50},"end":{"line":227,"column":1}},"line":224},"22":{"name":"(anonymous_22)","decl":{"start":{"line":230,"column":33},"end":{"line":230,"column":34}},"loc":{"start":{"line":230,"column":53},"end":{"line":233,"column":1}},"line":230},"23":{"name":"(anonymous_23)","decl":{"start":{"line":235,"column":34},"end":{"line":235,"column":35}},"loc":{"start":{"line":235,"column":54},"end":{"line":241,"column":1}},"line":235},"24":{"name":"(anonymous_24)","decl":{"start":{"line":244,"column":37},"end":{"line":244,"column":38}},"loc":{"start":{"line":244,"column":57},"end":{"line":254,"column":1}},"line":244},"25":{"name":"(anonymous_25)","decl":{"start":{"line":256,"column":30},"end":{"line":256,"column":31}},"loc":{"start":{"line":256,"column":50},"end":{"line":261,"column":1}},"line":256},"26":{"name":"(anonymous_26)","decl":{"start":{"line":263,"column":34},"end":{"line":263,"column":35}},"loc":{"start":{"line":263,"column":54},"end":{"line":270,"column":1}},"line":263},"27":{"name":"(anonymous_27)","decl":{"start":{"line":292,"column":20},"end":{"line":292,"column":21}},"loc":{"start":{"line":292,"column":40},"end":{"line":320,"column":3}},"line":292},"28":{"name":"(anonymous_28)","decl":{"start":{"line":322,"column":38},"end":{"line":322,"column":39}},"loc":{"start":{"line":322,"column":58},"end":{"line":349,"column":9}},"line":322},"29":{"name":"(anonymous_29)","decl":{"start":{"line":331,"column":51},"end":{"line":331,"column":52}},"loc":{"start":{"line":331,"column":62},"end":{"line":345,"column":17}},"line":331},"30":{"name":"(anonymous_30)","decl":{"start":{"line":352,"column":37},"end":{"line":352,"column":38}},"loc":{"start":{"line":352,"column":51},"end":{"line":372,"column":1}},"line":352},"31":{"name":"(anonymous_31)","decl":{"start":{"line":357,"column":48},"end":{"line":357,"column":49}},"loc":{"start":{"line":357,"column":60},"end":{"line":371,"column":5}},"line":357},"32":{"name":"(anonymous_32)","decl":{"start":{"line":361,"column":44},"end":{"line":361,"column":45}},"loc":{"start":{"line":361,"column":54},"end":{"line":369,"column":13}},"line":361},"33":{"name":"shuffleArray","decl":{"start":{"line":375,"column":9},"end":{"line":375,"column":21}},"loc":{"start":{"line":375,"column":29},"end":{"line":382,"column":1}},"line":375},"34":{"name":"(anonymous_34)","decl":{"start":{"line":384,"column":22},"end":{"line":384,"column":23}},"loc":{"start":{"line":384,"column":42},"end":{"line":445,"column":5}},"line":384},"35":{"name":"(anonymous_35)","decl":{"start":{"line":387,"column":39},"end":{"line":387,"column":40}},"loc":{"start":{"line":387,"column":57},"end":{"line":425,"column":9}},"line":387},"36":{"name":"(anonymous_36)","decl":{"start":{"line":391,"column":52},"end":{"line":391,"column":53}},"loc":{"start":{"line":391,"column":58},"end":{"line":393,"column":13}},"line":391},"37":{"name":"(anonymous_37)","decl":{"start":{"line":397,"column":38},"end":{"line":397,"column":39}},"loc":{"start":{"line":397,"column":45},"end":{"line":399,"column":11}},"line":397},"38":{"name":"(anonymous_38)","decl":{"start":{"line":403,"column":42},"end":{"line":403,"column":43}},"loc":{"start":{"line":403,"column":49},"end":{"line":405,"column":11}},"line":403},"39":{"name":"(anonymous_39)","decl":{"start":{"line":408,"column":39},"end":{"line":408,"column":40}},"loc":{"start":{"line":408,"column":46},"end":{"line":410,"column":11}},"line":408},"40":{"name":"(anonymous_40)","decl":{"start":{"line":413,"column":39},"end":{"line":413,"column":40}},"loc":{"start":{"line":413,"column":46},"end":{"line":415,"column":11}},"line":413},"41":{"name":"(anonymous_41)","decl":{"start":{"line":418,"column":41},"end":{"line":418,"column":42}},"loc":{"start":{"line":418,"column":48},"end":{"line":420,"column":9}},"line":418},"42":{"name":"(anonymous_42)","decl":{"start":{"line":447,"column":33},"end":{"line":447,"column":34}},"loc":{"start":{"line":447,"column":45},"end":{"line":494,"column":1}},"line":447},"43":{"name":"(anonymous_43)","decl":{"start":{"line":453,"column":52},"end":{"line":453,"column":53}},"loc":{"start":{"line":453,"column":61},"end":{"line":493,"column":4}},"line":453},"44":{"name":"(anonymous_44)","decl":{"start":{"line":460,"column":48},"end":{"line":460,"column":49}},"loc":{"start":{"line":460,"column":68},"end":{"line":490,"column":13}},"line":460},"45":{"name":"(anonymous_45)","decl":{"start":{"line":472,"column":98},"end":{"line":472,"column":99}},"loc":{"start":{"line":472,"column":102},"end":{"line":474,"column":25}},"line":472},"46":{"name":"(anonymous_46)","decl":{"start":{"line":485,"column":102},"end":{"line":485,"column":103}},"loc":{"start":{"line":485,"column":112},"end":{"line":488,"column":17}},"line":485},"47":{"name":"(anonymous_47)","decl":{"start":{"line":499,"column":21},"end":{"line":499,"column":22}},"loc":{"start":{"line":499,"column":40},"end":{"line":572,"column":6}},"line":499},"48":{"name":"(anonymous_48)","decl":{"start":{"line":530,"column":18},"end":{"line":530,"column":19}},"loc":{"start":{"line":530,"column":31},"end":{"line":533,"column":13}},"line":530},"49":{"name":"(anonymous_49)","decl":{"start":{"line":534,"column":19},"end":{"line":534,"column":20}},"loc":{"start":{"line":534,"column":28},"end":{"line":537,"column":13}},"line":534},"50":{"name":"(anonymous_50)","decl":{"start":{"line":558,"column":18},"end":{"line":558,"column":19}},"loc":{"start":{"line":558,"column":31},"end":{"line":561,"column":13}},"line":558},"51":{"name":"(anonymous_51)","decl":{"start":{"line":562,"column":19},"end":{"line":562,"column":20}},"loc":{"start":{"line":562,"column":28},"end":{"line":565,"column":13}},"line":562},"52":{"name":"(anonymous_52)","decl":{"start":{"line":576,"column":19},"end":{"line":576,"column":20}},"loc":{"start":{"line":576,"column":33},"end":{"line":660,"column":1}},"line":576},"53":{"name":"(anonymous_53)","decl":{"start":{"line":588,"column":54},"end":{"line":588,"column":55}},"loc":{"start":{"line":588,"column":74},"end":{"line":623,"column":9}},"line":588},"54":{"name":"(anonymous_54)","decl":{"start":{"line":606,"column":40},"end":{"line":606,"column":41}},"loc":{"start":{"line":606,"column":49},"end":{"line":610,"column":19}},"line":606},"55":{"name":"(anonymous_55)","decl":{"start":{"line":629,"column":57},"end":{"line":629,"column":58}},"loc":{"start":{"line":629,"column":80},"end":{"line":655,"column":9}},"line":629},"56":{"name":"(anonymous_56)","decl":{"start":{"line":662,"column":18},"end":{"line":662,"column":19}},"loc":{"start":{"line":662,"column":37},"end":{"line":673,"column":1}},"line":662},"57":{"name":"(anonymous_57)","decl":{"start":{"line":669,"column":13},"end":{"line":669,"column":14}},"loc":{"start":{"line":669,"column":23},"end":{"line":671,"column":5}},"line":669},"58":{"name":"(anonymous_58)","decl":{"start":{"line":675,"column":19},"end":{"line":675,"column":20}},"loc":{"start":{"line":675,"column":33},"end":{"line":681,"column":1}},"line":675},"59":{"name":"(anonymous_59)","decl":{"start":{"line":683,"column":27},"end":{"line":683,"column":28}},"loc":{"start":{"line":683,"column":47},"end":{"line":686,"column":1}},"line":683},"60":{"name":"(anonymous_60)","decl":{"start":{"line":689,"column":31},"end":{"line":689,"column":32}},"loc":{"start":{"line":689,"column":51},"end":{"line":694,"column":1}},"line":689},"61":{"name":"(anonymous_61)","decl":{"start":{"line":696,"column":13},"end":{"line":696,"column":14}},"loc":{"start":{"line":696,"column":31},"end":{"line":699,"column":3}},"line":696},"62":{"name":"(anonymous_62)","decl":{"start":{"line":702,"column":19},"end":{"line":702,"column":20}},"loc":{"start":{"line":702,"column":33},"end":{"line":704,"column":3}},"line":702}},"branchMap":{"0":{"loc":{"start":{"line":39,"column":4},"end":{"line":62,"column":5}},"type":"if","locations":[{"start":{"line":39,"column":4},"end":{"line":62,"column":5}},{"start":{"line":59,"column":8},"end":{"line":62,"column":5}}],"line":39},"1":{"loc":{"start":{"line":40,"column":8},"end":{"line":46,"column":5}},"type":"if","locations":[{"start":{"line":40,"column":8},"end":{"line":46,"column":5}},{"start":{},"end":{}}],"line":40},"2":{"loc":{"start":{"line":48,"column":4},"end":{"line":54,"column":5}},"type":"if","locations":[{"start":{"line":48,"column":4},"end":{"line":54,"column":5}},{"start":{},"end":{}}],"line":48},"3":{"loc":{"start":{"line":66,"column":4},"end":{"line":71,"column":5}},"type":"if","locations":[{"start":{"line":66,"column":4},"end":{"line":71,"column":5}},{"start":{"line":69,"column":8},"end":{"line":71,"column":5}}],"line":66},"4":{"loc":{"start":{"line":76,"column":4},"end":{"line":94,"column":46}},"type":"if","locations":[{"start":{"line":76,"column":4},"end":{"line":94,"column":46}},{"start":{"line":94,"column":9},"end":{"line":94,"column":46}}],"line":76},"5":{"loc":{"start":{"line":98,"column":4},"end":{"line":116,"column":46}},"type":"if","locations":[{"start":{"line":98,"column":4},"end":{"line":116,"column":46}},{"start":{"line":116,"column":9},"end":{"line":116,"column":46}}],"line":98},"6":{"loc":{"start":{"line":122,"column":4},"end":{"line":156,"column":5}},"type":"if","locations":[{"start":{"line":122,"column":4},"end":{"line":156,"column":5}},{"start":{"line":154,"column":8},"end":{"line":156,"column":5}}],"line":122},"7":{"loc":{"start":{"line":130,"column":8},"end":{"line":134,"column":9}},"type":"if","locations":[{"start":{"line":130,"column":8},"end":{"line":134,"column":9}},{"start":{"line":132,"column":14},"end":{"line":134,"column":9}}],"line":130},"8":{"loc":{"start":{"line":136,"column":8},"end":{"line":149,"column":9}},"type":"if","locations":[{"start":{"line":136,"column":8},"end":{"line":149,"column":9}},{"start":{"line":147,"column":12},"end":{"line":149,"column":9}}],"line":136},"9":{"loc":{"start":{"line":162,"column":4},"end":{"line":178,"column":56}},"type":"if","locations":[{"start":{"line":162,"column":4},"end":{"line":178,"column":56}},{"start":{"line":178,"column":4},"end":{"line":178,"column":56}}],"line":162},"10":{"loc":{"start":{"line":167,"column":8},"end":{"line":173,"column":11}},"type":"if","locations":[{"start":{"line":167,"column":8},"end":{"line":173,"column":11}},{"start":{"line":169,"column":14},"end":{"line":173,"column":11}}],"line":167},"11":{"loc":{"start":{"line":187,"column":8},"end":{"line":216,"column":13}},"type":"if","locations":[{"start":{"line":187,"column":8},"end":{"line":216,"column":13}},{"start":{"line":190,"column":16},"end":{"line":216,"column":13}}],"line":187},"12":{"loc":{"start":{"line":301,"column":6},"end":{"line":304,"column":7}},"type":"if","locations":[{"start":{"line":301,"column":6},"end":{"line":304,"column":7}},{"start":{},"end":{}}],"line":301},"13":{"loc":{"start":{"line":323,"column":4},"end":{"line":348,"column":13}},"type":"if","locations":[{"start":{"line":323,"column":4},"end":{"line":348,"column":13}},{"start":{"line":347,"column":17},"end":{"line":348,"column":13}}],"line":323},"14":{"loc":{"start":{"line":334,"column":12},"end":{"line":343,"column":18}},"type":"if","locations":[{"start":{"line":334,"column":12},"end":{"line":343,"column":18}},{"start":{"line":338,"column":16},"end":{"line":343,"column":18}}],"line":334},"15":{"loc":{"start":{"line":358,"column":8},"end":{"line":370,"column":10}},"type":"if","locations":[{"start":{"line":358,"column":8},"end":{"line":370,"column":10}},{"start":{"line":360,"column":14},"end":{"line":370,"column":10}}],"line":358},"16":{"loc":{"start":{"line":363,"column":16},"end":{"line":368,"column":17}},"type":"if","locations":[{"start":{"line":363,"column":16},"end":{"line":368,"column":17}},{"start":{"line":366,"column":20},"end":{"line":368,"column":17}}],"line":363},"17":{"loc":{"start":{"line":427,"column":8},"end":{"line":444,"column":9}},"type":"if","locations":[{"start":{"line":427,"column":8},"end":{"line":444,"column":9}},{"start":{"line":437,"column":12},"end":{"line":444,"column":9}}],"line":427},"18":{"loc":{"start":{"line":454,"column":3},"end":{"line":490,"column":15}},"type":"if","locations":[{"start":{"line":454,"column":3},"end":{"line":490,"column":15}},{"start":{"line":458,"column":9},"end":{"line":490,"column":15}}],"line":454},"19":{"loc":{"start":{"line":461,"column":12},"end":{"line":488,"column":19}},"type":"if","locations":[{"start":{"line":461,"column":12},"end":{"line":488,"column":19}},{"start":{"line":464,"column":20},"end":{"line":488,"column":19}}],"line":461},"20":{"loc":{"start":{"line":468,"column":20},"end":{"line":475,"column":21}},"type":"if","locations":[{"start":{"line":468,"column":20},"end":{"line":475,"column":21}},{"start":{},"end":{}}],"line":468},"21":{"loc":{"start":{"line":477,"column":20},"end":{"line":480,"column":23}},"type":"if","locations":[{"start":{"line":477,"column":20},"end":{"line":480,"column":23}},{"start":{},"end":{}}],"line":477},"22":{"loc":{"start":{"line":512,"column":4},"end":{"line":572,"column":5}},"type":"if","locations":[{"start":{"line":512,"column":4},"end":{"line":572,"column":5}},{"start":{"line":542,"column":9},"end":{"line":572,"column":5}}],"line":512},"23":{"loc":{"start":{"line":516,"column":8},"end":{"line":520,"column":9}},"type":"if","locations":[{"start":{"line":516,"column":8},"end":{"line":520,"column":9}},{"start":{},"end":{}}],"line":516},"24":{"loc":{"start":{"line":545,"column":8},"end":{"line":548,"column":9}},"type":"if","locations":[{"start":{"line":545,"column":8},"end":{"line":548,"column":9}},{"start":{},"end":{}}],"line":545},"25":{"loc":{"start":{"line":582,"column":4},"end":{"line":585,"column":5}},"type":"if","locations":[{"start":{"line":582,"column":4},"end":{"line":585,"column":5}},{"start":{},"end":{}}],"line":582},"26":{"loc":{"start":{"line":586,"column":4},"end":{"line":658,"column":5}},"type":"if","locations":[{"start":{"line":586,"column":4},"end":{"line":658,"column":5}},{"start":{"line":627,"column":9},"end":{"line":658,"column":5}}],"line":586},"27":{"loc":{"start":{"line":589,"column":12},"end":{"line":620,"column":13}},"type":"if","locations":[{"start":{"line":589,"column":12},"end":{"line":620,"column":13}},{"start":{"line":594,"column":19},"end":{"line":620,"column":13}}],"line":589},"28":{"loc":{"start":{"line":596,"column":16},"end":{"line":619,"column":17}},"type":"if","locations":[{"start":{"line":596,"column":16},"end":{"line":619,"column":17}},{"start":{"line":614,"column":20},"end":{"line":619,"column":17}}],"line":596},"29":{"loc":{"start":{"line":630,"column":12},"end":{"line":652,"column":13}},"type":"if","locations":[{"start":{"line":630,"column":12},"end":{"line":652,"column":13}},{"start":{"line":632,"column":19},"end":{"line":652,"column":13}}],"line":630},"30":{"loc":{"start":{"line":634,"column":16},"end":{"line":651,"column":17}},"type":"if","locations":[{"start":{"line":634,"column":16},"end":{"line":651,"column":17}},{"start":{"line":647,"column":20},"end":{"line":651,"column":17}}],"line":634}},"s":{"0":0,"1":0,"2":0,"3":0,"4":0,"5":0,"6":0,"7":0,"8":0,"9":0,"10":0,"11":0,"12":0,"13":0,"14":0,"15":0,"16":0,"17":0,"18":0,"19":0,"20":0,"21":0,"22":0,"23":0,"24":0,"25":0,"26":0,"27":0,"28":0,"29":0,"30":0,"31":0,"32":0,"33":0,"34":0,"35":0,"36":0,"37":0,"38":0,"39":0,"40":0,"41":0,"42":0,"43":0,"44":0,"45":0,"46":0,"47":0,"48":0,"49":0,"50":0,"51":0,"52":0,"53":0,"54":0,"55":0,"56":0,"57":0,"58":0,"59":0,"60":0,"61":0,"62":0,"63":0,"64":0,"65":0,"66":0,"67":0,"68":0,"69":0,"70":0,"71":0,"72":0,"73":0,"74":0,"75":0,"76":0,"77":0,"78":0,"79":0,"80":0,"81":0,"82":0,"83":0,"84":0,"85":0,"86":0,"87":0,"88":0,"89":0,"90":0,"91":0,"92":0,"93":0,"94":0,"95":0,"96":0,"97":0,"98":0,"99":0,"100":0,"101":0,"102":0,"103":0,"104":0,"105":0,"106":0,"107":0,"108":0,"109":0,"110":0,"111":0,"112":0,"113":0,"114":0,"115":0,"116":0,"117":0,"118":0,"119":0,"120":0,"121":0,"122":0,"123":0,"124":0,"125":0,"126":0,"127":0,"128":0,"129":0,"130":0,"131":0,"132":0,"133":0,"134":0,"135":0,"136":0,"137":0,"138":0,"139":0,"140":0,"141":0,"142":0,"143":0,"144":0,"145":0,"146":0,"147":0,"148":0,"149":0,"150":0,"151":0,"152":0,"153":0,"154":0,"155":0,"156":0,"157":0,"158":0,"159":0,"160":0,"161":0,"162":0,"163":0,"164":0,"165":0,"166":0,"167":0,"168":0,"169":0,"170":0,"171":0,"172":0,"173":0,"174":0,"175":0,"176":0,"177":0,"178":0,"179":0,"180":0,"181":0,"182":0,"183":0,"184":0,"185":0,"186":0,"187":0,"188":0,"189":0,"190":0,"191":0,"192":0,"193":0,"194":0,"195":0,"196":0,"197":0,"198":0,"199":0,"200":0,"201":0,"202":0,"203":0,"204":0,"205":0,"206":0,"207":0,"208":0,"209":0,"210":0,"211":0,"212":0,"213":0,"214":0,"215":0,"216":0,"217":0,"218":0,"219":0,"220":0,"221":0,"222":0,"223":0,"224":0,"225":0,"226":0,"227":0,"228":0,"229":0,"230":0,"231":0,"232":0,"233":0,"234":0,"235":0,"236":0,"237":0,"238":0,"239":0,"240":0,"241":0,"242":0,"243":0,"244":0,"245":0,"246":0,"247":0,"248":0,"249":0,"250":0,"251":0,"252":0,"253":0,"254":0,"255":0,"256":0,"257":0,"258":0,"259":0,"260":0,"261":0,"262":0,"263":0,"264":0,"265":0,"266":0,"267":0,"268":0,"269":0,"270":0,"271":0,"272":0,"273":0,"274":0,"275":0,"276":0,"277":0,"278":0,"279":0,"280":0,"281":0,"282":0,"283":0,"284":0,"285":0,"286":0,"287":0,"288":0,"289":0,"290":0,"291":0,"292":0,"293":0,"294":0},"f":{"0":0,"1":0,"2":0,"3":0,"4":0,"5":0,"6":0,"7":0,"8":0,"9":0,"10":0,"11":0,"12":0,"13":0,"14":0,"15":0,"16":0,"17":0,"18":0,"19":0,"20":0,"21":0,"22":0,"23":0,"24":0,"25":0,"26":0,"27":0,"28":0,"29":0,"30":0,"31":0,"32":0,"33":0,"34":0,"35":0,"36":0,"37":0,"38":0,"39":0,"40":0,"41":0,"42":0,"43":0,"44":0,"45":0,"46":0,"47":0,"48":0,"49":0,"50":0,"51":0,"52":0,"53":0,"54":0,"55":0,"56":0,"57":0,"58":0,"59":0,"60":0,"61":0,"62":0},"b":{"0":[0,0],"1":[0,0],"2":[0,0],"3":[0,0],"4":[0,0],"5":[0,0],"6":[0,0],"7":[0,0],"8":[0,0],"9":[0,0],"10":[0,0],"11":[0,0],"12":[0,0],"13":[0,0],"14":[0,0],"15":[0,0],"16":[0,0],"17":[0,0],"18":[0,0],"19":[0,0],"20":[0,0],"21":[0,0],"22":[0,0],"23":[0,0],"24":[0,0],"25":[0,0],"26":[0,0],"27":[0,0],"28":[0,0],"29":[0,0],"30":[0,0]}}
,"C:\\Users\\chars\\Desktop\\Study Stuff\\FDFDE\\FDFED_2\\Backend\\controllers\\AdminController.js": {"path":"C:\\Users\\chars\\Desktop\\Study Stuff\\FDFDE\\FDFED_2\\Backend\\controllers\\AdminController.js","statementMap":{"0":{"start":{"line":1,"column":21},"end":{"line":1,"column":52}},"1":{"start":{"line":3,"column":20},"end":{"line":3,"column":50}},"2":{"start":{"line":5,"column":21},"end":{"line":5,"column":52}},"3":{"start":{"line":7,"column":18},"end":{"line":7,"column":46}},"4":{"start":{"line":9,"column":22},"end":{"line":9,"column":54}},"5":{"start":{"line":11,"column":22},"end":{"line":11,"column":54}},"6":{"start":{"line":12,"column":13},"end":{"line":12,"column":35}},"7":{"start":{"line":15,"column":14},"end":{"line":15,"column":30}},"8":{"start":{"line":24,"column":20},"end":{"line":29,"column":2}},"9":{"start":{"line":32,"column":0},"end":{"line":34,"column":3}},"10":{"start":{"line":33,"column":2},"end":{"line":33,"column":48}},"11":{"start":{"line":37,"column":0},"end":{"line":41,"column":3}},"12":{"start":{"line":38,"column":2},"end":{"line":38,"column":33}},"13":{"start":{"line":53,"column":0},"end":{"line":65,"column":2}},"14":{"start":{"line":54,"column":2},"end":{"line":64,"column":3}},"15":{"start":{"line":55,"column":18},"end":{"line":55,"column":45}},"16":{"start":{"line":57,"column":4},"end":{"line":59,"column":63}},"17":{"start":{"line":61,"column":4},"end":{"line":63,"column":65}},"18":{"start":{"line":67,"column":0},"end":{"line":90,"column":1}},"19":{"start":{"line":69,"column":2},"end":{"line":88,"column":3}},"20":{"start":{"line":70,"column":24},"end":{"line":70,"column":58}},"21":{"start":{"line":71,"column":25},"end":{"line":71,"column":60}},"22":{"start":{"line":72,"column":26},"end":{"line":72,"column":62}},"23":{"start":{"line":73,"column":22},"end":{"line":73,"column":54}},"24":{"start":{"line":75,"column":4},"end":{"line":81,"column":7}},"25":{"start":{"line":83,"column":4},"end":{"line":83,"column":52}},"26":{"start":{"line":84,"column":4},"end":{"line":87,"column":7}},"27":{"start":{"line":92,"column":0},"end":{"line":101,"column":2}},"28":{"start":{"line":93,"column":19},"end":{"line":93,"column":27}},"29":{"start":{"line":94,"column":2},"end":{"line":100,"column":3}},"30":{"start":{"line":95,"column":26},"end":{"line":95,"column":62}},"31":{"start":{"line":96,"column":6},"end":{"line":96,"column":118}},"32":{"start":{"line":98,"column":6},"end":{"line":98,"column":55}},"33":{"start":{"line":99,"column":6},"end":{"line":99,"column":90}},"34":{"start":{"line":103,"column":0},"end":{"line":127,"column":1}},"35":{"start":{"line":104,"column":2},"end":{"line":124,"column":3}},"36":{"start":{"line":105,"column":22},"end":{"line":117,"column":8}},"37":{"start":{"line":120,"column":4},"end":{"line":120,"column":110}},"38":{"start":{"line":122,"column":4},"end":{"line":122,"column":54}},"39":{"start":{"line":123,"column":4},"end":{"line":123,"column":89}},"40":{"start":{"line":129,"column":0},"end":{"line":153,"column":2}},"41":{"start":{"line":130,"column":2},"end":{"line":152,"column":3}},"42":{"start":{"line":131,"column":52},"end":{"line":131,"column":60}},"43":{"start":{"line":133,"column":4},"end":{"line":137,"column":5}},"44":{"start":{"line":134,"column":6},"end":{"line":136,"column":75}},"45":{"start":{"line":138,"column":20},"end":{"line":143,"column":13}},"46":{"start":{"line":145,"column":4},"end":{"line":147,"column":79}},"47":{"start":{"line":149,"column":4},"end":{"line":151,"column":71}},"48":{"start":{"line":155,"column":0},"end":{"line":163,"column":2}},"49":{"start":{"line":156,"column":2},"end":{"line":162,"column":3}},"50":{"start":{"line":157,"column":23},"end":{"line":157,"column":51}},"51":{"start":{"line":158,"column":4},"end":{"line":158,"column":90}},"52":{"start":{"line":160,"column":4},"end":{"line":160,"column":61}},"53":{"start":{"line":161,"column":4},"end":{"line":161,"column":96}},"54":{"start":{"line":165,"column":0},"end":{"line":180,"column":2}},"55":{"start":{"line":166,"column":21},"end":{"line":166,"column":34}},"56":{"start":{"line":167,"column":2},"end":{"line":179,"column":3}},"57":{"start":{"line":169,"column":4},"end":{"line":169,"column":28}},"58":{"start":{"line":170,"column":28},"end":{"line":170,"column":77}},"59":{"start":{"line":175,"column":4},"end":{"line":175,"column":93}},"60":{"start":{"line":178,"column":4},"end":{"line":178,"column":88}},"61":{"start":{"line":182,"column":0},"end":{"line":196,"column":2}},"62":{"start":{"line":183,"column":2},"end":{"line":195,"column":3}},"63":{"start":{"line":184,"column":15},"end":{"line":184,"column":27}},"64":{"start":{"line":185,"column":16},"end":{"line":185,"column":27}},"65":{"start":{"line":186,"column":18},"end":{"line":186,"column":58}},"66":{"start":{"line":188,"column":4},"end":{"line":190,"column":71}},"67":{"start":{"line":192,"column":4},"end":{"line":194,"column":71}},"68":{"start":{"line":214,"column":0},"end":{"line":229,"column":2}},"69":{"start":{"line":215,"column":2},"end":{"line":228,"column":3}},"70":{"start":{"line":216,"column":15},"end":{"line":216,"column":28}},"71":{"start":{"line":217,"column":16},"end":{"line":217,"column":27}},"72":{"start":{"line":219,"column":19},"end":{"line":219,"column":59}},"73":{"start":{"line":221,"column":4},"end":{"line":223,"column":79}},"74":{"start":{"line":225,"column":4},"end":{"line":227,"column":77}},"75":{"start":{"line":231,"column":0},"end":{"line":261,"column":2}},"76":{"start":{"line":232,"column":20},"end":{"line":232,"column":29}},"77":{"start":{"line":234,"column":2},"end":{"line":260,"column":3}},"78":{"start":{"line":237,"column":4},"end":{"line":247,"column":5}},"79":{"start":{"line":238,"column":6},"end":{"line":244,"column":9}},"80":{"start":{"line":246,"column":6},"end":{"line":246,"column":43}},"81":{"start":{"line":249,"column":4},"end":{"line":251,"column":78}},"82":{"start":{"line":253,"column":4},"end":{"line":253,"column":51}},"83":{"start":{"line":254,"column":4},"end":{"line":259,"column":9}},"84":{"start":{"line":263,"column":0},"end":{"line":290,"column":2}},"85":{"start":{"line":264,"column":20},"end":{"line":264,"column":29}},"86":{"start":{"line":266,"column":2},"end":{"line":289,"column":3}},"87":{"start":{"line":269,"column":4},"end":{"line":279,"column":5}},"88":{"start":{"line":270,"column":6},"end":{"line":276,"column":9}},"89":{"start":{"line":278,"column":6},"end":{"line":278,"column":40}},"90":{"start":{"line":281,"column":4},"end":{"line":283,"column":72}},"91":{"start":{"line":285,"column":4},"end":{"line":285,"column":51}},"92":{"start":{"line":286,"column":4},"end":{"line":288,"column":78}},"93":{"start":{"line":292,"column":0},"end":{"line":383,"column":2}},"94":{"start":{"line":293,"column":2},"end":{"line":382,"column":3}},"95":{"start":{"line":314,"column":24},"end":{"line":314,"column":40}},"96":{"start":{"line":315,"column":4},"end":{"line":362,"column":5}},"97":{"start":{"line":320,"column":6},"end":{"line":355,"column":7}},"98":{"start":{"line":322,"column":8},"end":{"line":322,"column":40}},"99":{"start":{"line":323,"column":31},"end":{"line":323,"column":63}},"100":{"start":{"line":328,"column":8},"end":{"line":347,"column":9}},"101":{"start":{"line":329,"column":10},"end":{"line":333,"column":13}},"102":{"start":{"line":337,"column":26},"end":{"line":337,"column":52}},"103":{"start":{"line":340,"column":10},"end":{"line":340,"column":62}},"104":{"start":{"line":342,"column":10},"end":{"line":346,"column":13}},"105":{"start":{"line":350,"column":8},"end":{"line":354,"column":11}},"106":{"start":{"line":379,"column":4},"end":{"line":381,"column":67}}},"fnMap":{"0":{"name":"(anonymous_0)","decl":{"start":{"line":32,"column":24},"end":{"line":32,"column":25}},"loc":{"start":{"line":32,"column":33},"end":{"line":34,"column":1}},"line":32},"1":{"name":"(anonymous_1)","decl":{"start":{"line":37,"column":27},"end":{"line":37,"column":28}},"loc":{"start":{"line":37,"column":33},"end":{"line":41,"column":1}},"line":37},"2":{"name":"(anonymous_2)","decl":{"start":{"line":53,"column":22},"end":{"line":53,"column":23}},"loc":{"start":{"line":53,"column":42},"end":{"line":65,"column":1}},"line":53},"3":{"name":"(anonymous_3)","decl":{"start":{"line":67,"column":21},"end":{"line":67,"column":22}},"loc":{"start":{"line":67,"column":40},"end":{"line":90,"column":1}},"line":67},"4":{"name":"(anonymous_4)","decl":{"start":{"line":92,"column":25},"end":{"line":92,"column":26}},"loc":{"start":{"line":92,"column":45},"end":{"line":101,"column":1}},"line":92},"5":{"name":"(anonymous_5)","decl":{"start":{"line":103,"column":23},"end":{"line":103,"column":24}},"loc":{"start":{"line":103,"column":42},"end":{"line":127,"column":1}},"line":103},"6":{"name":"(anonymous_6)","decl":{"start":{"line":129,"column":22},"end":{"line":129,"column":23}},"loc":{"start":{"line":129,"column":42},"end":{"line":153,"column":1}},"line":129},"7":{"name":"(anonymous_7)","decl":{"start":{"line":155,"column":27},"end":{"line":155,"column":28}},"loc":{"start":{"line":155,"column":47},"end":{"line":163,"column":1}},"line":155},"8":{"name":"(anonymous_8)","decl":{"start":{"line":165,"column":25},"end":{"line":165,"column":26}},"loc":{"start":{"line":165,"column":45},"end":{"line":180,"column":1}},"line":165},"9":{"name":"(anonymous_9)","decl":{"start":{"line":182,"column":27},"end":{"line":182,"column":28}},"loc":{"start":{"line":182,"column":47},"end":{"line":196,"column":1}},"line":182},"10":{"name":"(anonymous_10)","decl":{"start":{"line":214,"column":24},"end":{"line":214,"column":25}},"loc":{"start":{"line":214,"column":44},"end":{"line":229,"column":1}},"line":214},"11":{"name":"(anonymous_11)","decl":{"start":{"line":231,"column":25},"end":{"line":231,"column":26}},"loc":{"start":{"line":231,"column":45},"end":{"line":261,"column":1}},"line":231},"12":{"name":"(anonymous_12)","decl":{"start":{"line":263,"column":22},"end":{"line":263,"column":23}},"loc":{"start":{"line":263,"column":42},"end":{"line":290,"column":1}},"line":263},"13":{"name":"(anonymous_13)","decl":{"start":{"line":292,"column":24},"end":{"line":292,"column":25}},"loc":{"start":{"line":292,"column":44},"end":{"line":383,"column":1}},"line":292}},"branchMap":{"0":{"loc":{"start":{"line":133,"column":4},"end":{"line":137,"column":5}},"type":"if","locations":[{"start":{"line":133,"column":4},"end":{"line":137,"column":5}},{"start":{},"end":{}}],"line":133},"1":{"loc":{"start":{"line":133,"column":8},"end":{"line":133,"column":66}},"type":"binary-expr","locations":[{"start":{"line":133,"column":8},"end":{"line":133,"column":18}},{"start":{"line":133,"column":22},"end":{"line":133,"column":31}},{"start":{"line":133,"column":35},"end":{"line":133,"column":41}},{"start":{"line":133,"column":45},"end":{"line":133,"column":54}},{"start":{"line":133,"column":58},"end":{"line":133,"column":66}}],"line":133},"2":{"loc":{"start":{"line":237,"column":4},"end":{"line":247,"column":5}},"type":"if","locations":[{"start":{"line":237,"column":4},"end":{"line":247,"column":5}},{"start":{"line":245,"column":11},"end":{"line":247,"column":5}}],"line":237},"3":{"loc":{"start":{"line":269,"column":4},"end":{"line":279,"column":5}},"type":"if","locations":[{"start":{"line":269,"column":4},"end":{"line":279,"column":5}},{"start":{"line":277,"column":11},"end":{"line":279,"column":5}}],"line":269},"4":{"loc":{"start":{"line":315,"column":4},"end":{"line":362,"column":5}},"type":"if","locations":[{"start":{"line":315,"column":4},"end":{"line":362,"column":5}},{"start":{},"end":{}}],"line":315},"5":{"loc":{"start":{"line":328,"column":8},"end":{"line":347,"column":9}},"type":"if","locations":[{"start":{"line":328,"column":8},"end":{"line":347,"column":9}},{"start":{"line":336,"column":12},"end":{"line":347,"column":9}}],"line":328}},"s":{"0":1,"1":1,"2":1,"3":1,"4":1,"5":1,"6":1,"7":1,"8":1,"9":1,"10":0,"11":1,"12":1,"13":1,"14":0,"15":0,"16":0,"17":0,"18":1,"19":0,"20":0,"21":0,"22":0,"23":0,"24":0,"25":0,"26":0,"27":1,"28":0,"29":0,"30":0,"31":0,"32":0,"33":0,"34":1,"35":0,"36":0,"37":0,"38":0,"39":0,"40":1,"41":0,"42":0,"43":0,"44":0,"45":0,"46":0,"47":0,"48":1,"49":0,"50":0,"51":0,"52":0,"53":0,"54":1,"55":0,"56":0,"57":0,"58":0,"59":0,"60":0,"61":1,"62":0,"63":0,"64":0,"65":0,"66":0,"67":0,"68":1,"69":0,"70":0,"71":0,"72":0,"73":0,"74":0,"75":1,"76":0,"77":0,"78":0,"79":0,"80":0,"81":0,"82":0,"83":0,"84":1,"85":0,"86":0,"87":0,"88":0,"89":0,"90":0,"91":0,"92":0,"93":1,"94":0,"95":0,"96":0,"97":0,"98":0,"99":0,"100":0,"101":0,"102":0,"103":0,"104":0,"105":0,"106":0},"f":{"0":0,"1":1,"2":0,"3":0,"4":0,"5":0,"6":0,"7":0,"8":0,"9":0,"10":0,"11":0,"12":0,"13":0},"b":{"0":[0,0],"1":[0,0,0,0,0],"2":[0,0],"3":[0,0],"4":[0,0],"5":[0,0]},"_coverageSchema":"1a1c01bbd47fc00a2c39e90264f33305004495a9","hash":"1e12e6181903ace8925f3cf770d992e490b5b7d7"}
,"C:\\Users\\chars\\Desktop\\Study Stuff\\FDFDE\\FDFED_2\\Backend\\controllers\\AuthController.js": {"path":"C:\\Users\\chars\\Desktop\\Study Stuff\\FDFDE\\FDFED_2\\Backend\\controllers\\AuthController.js","statementMap":{"0":{"start":{"line":1,"column":19},"end":{"line":1,"column":47}},"1":{"start":{"line":2,"column":22},"end":{"line":2,"column":53}},"2":{"start":{"line":3,"column":20},"end":{"line":3,"column":49}},"3":{"start":{"line":4,"column":42},"end":{"line":4,"column":76}},"4":{"start":{"line":5,"column":15},"end":{"line":5,"column":32}},"5":{"start":{"line":6,"column":12},"end":{"line":6,"column":35}},"6":{"start":{"line":7,"column":19},"end":{"line":7,"column":40}},"7":{"start":{"line":15,"column":0},"end":{"line":66,"column":2}},"8":{"start":{"line":16,"column":2},"end":{"line":65,"column":3}},"9":{"start":{"line":18,"column":54},"end":{"line":18,"column":62}},"10":{"start":{"line":19,"column":4},"end":{"line":19,"column":34}},"11":{"start":{"line":21,"column":6},"end":{"line":25,"column":7}},"12":{"start":{"line":22,"column":8},"end":{"line":24,"column":77}},"13":{"start":{"line":27,"column":27},"end":{"line":27,"column":69}},"14":{"start":{"line":28,"column":6},"end":{"line":28,"column":30}},"15":{"start":{"line":29,"column":6},"end":{"line":33,"column":7}},"16":{"start":{"line":30,"column":8},"end":{"line":32,"column":80}},"17":{"start":{"line":34,"column":6},"end":{"line":34,"column":27}},"18":{"start":{"line":36,"column":30},"end":{"line":36,"column":74}},"19":{"start":{"line":37,"column":6},"end":{"line":41,"column":7}},"20":{"start":{"line":38,"column":8},"end":{"line":40,"column":80}},"21":{"start":{"line":43,"column":6},"end":{"line":43,"column":28}},"22":{"start":{"line":45,"column":29},"end":{"line":45,"column":57}},"23":{"start":{"line":46,"column":19},"end":{"line":52,"column":8}},"24":{"start":{"line":53,"column":6},"end":{"line":53,"column":24}},"25":{"start":{"line":54,"column":6},"end":{"line":54,"column":27}},"26":{"start":{"line":55,"column":6},"end":{"line":57,"column":80}},"27":{"start":{"line":61,"column":4},"end":{"line":61,"column":22}},"28":{"start":{"line":62,"column":4},"end":{"line":64,"column":68}},"29":{"start":{"line":68,"column":0},"end":{"line":201,"column":2}},"30":{"start":{"line":69,"column":2},"end":{"line":200,"column":3}},"31":{"start":{"line":70,"column":32},"end":{"line":70,"column":40}},"32":{"start":{"line":71,"column":4},"end":{"line":71,"column":22}},"33":{"start":{"line":72,"column":17},"end":{"line":88,"column":7}},"34":{"start":{"line":89,"column":6},"end":{"line":89,"column":24}},"35":{"start":{"line":91,"column":6},"end":{"line":115,"column":7}},"36":{"start":{"line":92,"column":22},"end":{"line":92,"column":68}},"37":{"start":{"line":93,"column":8},"end":{"line":97,"column":9}},"38":{"start":{"line":94,"column":10},"end":{"line":96,"column":76}},"39":{"start":{"line":99,"column":22},"end":{"line":105,"column":9}},"40":{"start":{"line":107,"column":8},"end":{"line":114,"column":13}},"41":{"start":{"line":118,"column":6},"end":{"line":118,"column":28}},"42":{"start":{"line":120,"column":6},"end":{"line":120,"column":52}},"43":{"start":{"line":121,"column":6},"end":{"line":164,"column":7}},"44":{"start":{"line":122,"column":8},"end":{"line":122,"column":51}},"45":{"start":{"line":123,"column":8},"end":{"line":127,"column":9}},"46":{"start":{"line":124,"column":10},"end":{"line":126,"column":69}},"47":{"start":{"line":129,"column":22},"end":{"line":129,"column":68}},"48":{"start":{"line":136,"column":6},"end":{"line":136,"column":30}},"49":{"start":{"line":137,"column":6},"end":{"line":137,"column":31}},"50":{"start":{"line":138,"column":6},"end":{"line":138,"column":26}},"51":{"start":{"line":140,"column":6},"end":{"line":140,"column":24}},"52":{"start":{"line":142,"column":20},"end":{"line":148,"column":7}},"53":{"start":{"line":149,"column":8},"end":{"line":149,"column":147}},"54":{"start":{"line":150,"column":6},"end":{"line":150,"column":26}},"55":{"start":{"line":151,"column":6},"end":{"line":151,"column":24}},"56":{"start":{"line":153,"column":6},"end":{"line":160,"column":11}},"57":{"start":{"line":166,"column":6},"end":{"line":168,"column":7}},"58":{"start":{"line":167,"column":8},"end":{"line":167,"column":110}},"59":{"start":{"line":170,"column":20},"end":{"line":170,"column":66}},"60":{"start":{"line":172,"column":6},"end":{"line":176,"column":7}},"61":{"start":{"line":173,"column":8},"end":{"line":175,"column":74}},"62":{"start":{"line":177,"column":6},"end":{"line":177,"column":27}},"63":{"start":{"line":178,"column":20},"end":{"line":184,"column":7}},"64":{"start":{"line":185,"column":6},"end":{"line":185,"column":28}},"65":{"start":{"line":186,"column":6},"end":{"line":193,"column":11}},"66":{"start":{"line":196,"column":4},"end":{"line":196,"column":22}},"67":{"start":{"line":197,"column":4},"end":{"line":199,"column":62}},"68":{"start":{"line":203,"column":0},"end":{"line":239,"column":2}},"69":{"start":{"line":204,"column":2},"end":{"line":238,"column":3}},"70":{"start":{"line":205,"column":22},"end":{"line":205,"column":30}},"71":{"start":{"line":206,"column":4},"end":{"line":206,"column":26}},"72":{"start":{"line":207,"column":17},"end":{"line":207,"column":59}},"73":{"start":{"line":208,"column":4},"end":{"line":233,"column":5}},"74":{"start":{"line":209,"column":22},"end":{"line":209,"column":67}},"75":{"start":{"line":210,"column":6},"end":{"line":217,"column":7}},"76":{"start":{"line":211,"column":8},"end":{"line":216,"column":13}},"77":{"start":{"line":218,"column":20},"end":{"line":224,"column":7}},"78":{"start":{"line":225,"column":6},"end":{"line":232,"column":11}},"79":{"start":{"line":235,"column":4},"end":{"line":235,"column":11}},"80":{"start":{"line":237,"column":4},"end":{"line":237,"column":87}},"81":{"start":{"line":288,"column":0},"end":{"line":336,"column":1}},"82":{"start":{"line":289,"column":2},"end":{"line":335,"column":3}},"83":{"start":{"line":290,"column":4},"end":{"line":290,"column":33}},"84":{"start":{"line":291,"column":32},"end":{"line":291,"column":40}},"85":{"start":{"line":293,"column":15},"end":{"line":293,"column":50}},"86":{"start":{"line":294,"column":4},"end":{"line":313,"column":5}},"87":{"start":{"line":295,"column":20},"end":{"line":295,"column":58}},"88":{"start":{"line":296,"column":6},"end":{"line":301,"column":7}},"89":{"start":{"line":297,"column":8},"end":{"line":300,"column":11}},"90":{"start":{"line":302,"column":29},"end":{"line":302,"column":57}},"91":{"start":{"line":303,"column":6},"end":{"line":307,"column":8}},"92":{"start":{"line":308,"column":6},"end":{"line":312,"column":9}},"93":{"start":{"line":315,"column":4},"end":{"line":315,"column":25}},"94":{"start":{"line":316,"column":27},"end":{"line":316,"column":55}},"95":{"start":{"line":317,"column":4},"end":{"line":321,"column":6}},"96":{"start":{"line":324,"column":6},"end":{"line":324,"column":28}},"97":{"start":{"line":325,"column":4},"end":{"line":329,"column":7}},"98":{"start":{"line":331,"column":4},"end":{"line":334,"column":7}},"99":{"start":{"line":338,"column":0},"end":{"line":391,"column":2}},"100":{"start":{"line":339,"column":2},"end":{"line":390,"column":3}},"101":{"start":{"line":340,"column":20},"end":{"line":340,"column":28}},"102":{"start":{"line":342,"column":4},"end":{"line":385,"column":5}},"103":{"start":{"line":343,"column":19},"end":{"line":343,"column":58}},"104":{"start":{"line":344,"column":6},"end":{"line":348,"column":7}},"105":{"start":{"line":345,"column":8},"end":{"line":347,"column":63}},"106":{"start":{"line":349,"column":6},"end":{"line":353,"column":7}},"107":{"start":{"line":350,"column":8},"end":{"line":352,"column":9}},"108":{"start":{"line":351,"column":10},"end":{"line":351,"column":39}},"109":{"start":{"line":354,"column":26},"end":{"line":354,"column":43}},"110":{"start":{"line":355,"column":6},"end":{"line":361,"column":11}},"111":{"start":{"line":363,"column":22},"end":{"line":363,"column":64}},"112":{"start":{"line":364,"column":6},"end":{"line":368,"column":7}},"113":{"start":{"line":365,"column":8},"end":{"line":367,"column":66}},"114":{"start":{"line":369,"column":6},"end":{"line":376,"column":7}},"115":{"start":{"line":370,"column":8},"end":{"line":375,"column":9}},"116":{"start":{"line":374,"column":10},"end":{"line":374,"column":42}},"117":{"start":{"line":377,"column":26},"end":{"line":377,"column":46}},"118":{"start":{"line":378,"column":6},"end":{"line":384,"column":11}},"119":{"start":{"line":387,"column":4},"end":{"line":389,"column":77}}},"fnMap":{"0":{"name":"(anonymous_0)","decl":{"start":{"line":15,"column":29},"end":{"line":15,"column":30}},"loc":{"start":{"line":15,"column":49},"end":{"line":66,"column":1}},"line":15},"1":{"name":"(anonymous_1)","decl":{"start":{"line":68,"column":26},"end":{"line":68,"column":27}},"loc":{"start":{"line":68,"column":46},"end":{"line":201,"column":1}},"line":68},"2":{"name":"(anonymous_2)","decl":{"start":{"line":203,"column":27},"end":{"line":203,"column":28}},"loc":{"start":{"line":203,"column":47},"end":{"line":239,"column":1}},"line":203},"3":{"name":"(anonymous_3)","decl":{"start":{"line":288,"column":25},"end":{"line":288,"column":26}},"loc":{"start":{"line":288,"column":45},"end":{"line":336,"column":1}},"line":288},"4":{"name":"(anonymous_4)","decl":{"start":{"line":338,"column":24},"end":{"line":338,"column":25}},"loc":{"start":{"line":338,"column":44},"end":{"line":391,"column":1}},"line":338}},"branchMap":{"0":{"loc":{"start":{"line":21,"column":6},"end":{"line":25,"column":7}},"type":"if","locations":[{"start":{"line":21,"column":6},"end":{"line":25,"column":7}},{"start":{},"end":{}}],"line":21},"1":{"loc":{"start":{"line":21,"column":10},"end":{"line":21,"column":56}},"type":"binary-expr","locations":[{"start":{"line":21,"column":10},"end":{"line":21,"column":20}},{"start":{"line":21,"column":24},"end":{"line":21,"column":33}},{"start":{"line":21,"column":37},"end":{"line":21,"column":43}},{"start":{"line":21,"column":47},"end":{"line":21,"column":56}}],"line":21},"2":{"loc":{"start":{"line":29,"column":6},"end":{"line":33,"column":7}},"type":"if","locations":[{"start":{"line":29,"column":6},"end":{"line":33,"column":7}},{"start":{},"end":{}}],"line":29},"3":{"loc":{"start":{"line":37,"column":6},"end":{"line":41,"column":7}},"type":"if","locations":[{"start":{"line":37,"column":6},"end":{"line":41,"column":7}},{"start":{},"end":{}}],"line":37},"4":{"loc":{"start":{"line":91,"column":6},"end":{"line":115,"column":7}},"type":"if","locations":[{"start":{"line":91,"column":6},"end":{"line":115,"column":7}},{"start":{},"end":{}}],"line":91},"5":{"loc":{"start":{"line":93,"column":8},"end":{"line":97,"column":9}},"type":"if","locations":[{"start":{"line":93,"column":8},"end":{"line":97,"column":9}},{"start":{},"end":{}}],"line":93},"6":{"loc":{"start":{"line":121,"column":6},"end":{"line":164,"column":7}},"type":"if","locations":[{"start":{"line":121,"column":6},"end":{"line":164,"column":7}},{"start":{},"end":{}}],"line":121},"7":{"loc":{"start":{"line":123,"column":8},"end":{"line":127,"column":9}},"type":"if","locations":[{"start":{"line":123,"column":8},"end":{"line":127,"column":9}},{"start":{},"end":{}}],"line":123},"8":{"loc":{"start":{"line":166,"column":6},"end":{"line":168,"column":7}},"type":"if","locations":[{"start":{"line":166,"column":6},"end":{"line":168,"column":7}},{"start":{},"end":{}}],"line":166},"9":{"loc":{"start":{"line":172,"column":6},"end":{"line":176,"column":7}},"type":"if","locations":[{"start":{"line":172,"column":6},"end":{"line":176,"column":7}},{"start":{},"end":{}}],"line":172},"10":{"loc":{"start":{"line":208,"column":4},"end":{"line":233,"column":5}},"type":"if","locations":[{"start":{"line":208,"column":4},"end":{"line":233,"column":5}},{"start":{},"end":{}}],"line":208},"11":{"loc":{"start":{"line":210,"column":6},"end":{"line":217,"column":7}},"type":"if","locations":[{"start":{"line":210,"column":6},"end":{"line":217,"column":7}},{"start":{},"end":{}}],"line":210},"12":{"loc":{"start":{"line":294,"column":4},"end":{"line":313,"column":5}},"type":"if","locations":[{"start":{"line":294,"column":4},"end":{"line":313,"column":5}},{"start":{},"end":{}}],"line":294},"13":{"loc":{"start":{"line":296,"column":6},"end":{"line":301,"column":7}},"type":"if","locations":[{"start":{"line":296,"column":6},"end":{"line":301,"column":7}},{"start":{},"end":{}}],"line":296},"14":{"loc":{"start":{"line":342,"column":4},"end":{"line":385,"column":5}},"type":"if","locations":[{"start":{"line":342,"column":4},"end":{"line":385,"column":5}},{"start":{"line":362,"column":11},"end":{"line":385,"column":5}}],"line":342},"15":{"loc":{"start":{"line":344,"column":6},"end":{"line":348,"column":7}},"type":"if","locations":[{"start":{"line":344,"column":6},"end":{"line":348,"column":7}},{"start":{},"end":{}}],"line":344},"16":{"loc":{"start":{"line":350,"column":8},"end":{"line":352,"column":9}},"type":"if","locations":[{"start":{"line":350,"column":8},"end":{"line":352,"column":9}},{"start":{},"end":{}}],"line":350},"17":{"loc":{"start":{"line":350,"column":12},"end":{"line":350,"column":75}},"type":"binary-expr","locations":[{"start":{"line":350,"column":12},"end":{"line":350,"column":41}},{"start":{"line":350,"column":45},"end":{"line":350,"column":75}}],"line":350},"18":{"loc":{"start":{"line":364,"column":6},"end":{"line":368,"column":7}},"type":"if","locations":[{"start":{"line":364,"column":6},"end":{"line":368,"column":7}},{"start":{},"end":{}}],"line":364},"19":{"loc":{"start":{"line":370,"column":8},"end":{"line":375,"column":9}},"type":"if","locations":[{"start":{"line":370,"column":8},"end":{"line":375,"column":9}},{"start":{},"end":{}}],"line":370},"20":{"loc":{"start":{"line":371,"column":10},"end":{"line":372,"column":43}},"type":"binary-expr","locations":[{"start":{"line":371,"column":10},"end":{"line":371,"column":39}},{"start":{"line":372,"column":10},"end":{"line":372,"column":43}}],"line":371}},"s":{"0":1,"1":1,"2":1,"3":1,"4":1,"5":1,"6":1,"7":1,"8":0,"9":0,"10":0,"11":0,"12":0,"13":0,"14":0,"15":0,"16":0,"17":0,"18":0,"19":0,"20":0,"21":0,"22":0,"23":0,"24":0,"25":0,"26":0,"27":0,"28":0,"29":1,"30":0,"31":0,"32":0,"33":0,"34":0,"35":0,"36":0,"37":0,"38":0,"39":0,"40":0,"41":0,"42":0,"43":0,"44":0,"45":0,"46":0,"47":0,"48":0,"49":0,"50":0,"51":0,"52":0,"53":0,"54":0,"55":0,"56":0,"57":0,"58":0,"59":0,"60":0,"61":0,"62":0,"63":0,"64":0,"65":0,"66":0,"67":0,"68":1,"69":0,"70":0,"71":0,"72":0,"73":0,"74":0,"75":0,"76":0,"77":0,"78":0,"79":0,"80":0,"81":1,"82":0,"83":0,"84":0,"85":0,"86":0,"87":0,"88":0,"89":0,"90":0,"91":0,"92":0,"93":0,"94":0,"95":0,"96":0,"97":0,"98":0,"99":1,"100":0,"101":0,"102":0,"103":0,"104":0,"105":0,"106":0,"107":0,"108":0,"109":0,"110":0,"111":0,"112":0,"113":0,"114":0,"115":0,"116":0,"117":0,"118":0,"119":0},"f":{"0":0,"1":0,"2":0,"3":0,"4":0},"b":{"0":[0,0],"1":[0,0,0,0],"2":[0,0],"3":[0,0],"4":[0,0],"5":[0,0],"6":[0,0],"7":[0,0],"8":[0,0],"9":[0,0],"10":[0,0],"11":[0,0],"12":[0,0],"13":[0,0],"14":[0,0],"15":[0,0],"16":[0,0],"17":[0,0],"18":[0,0],"19":[0,0],"20":[0,0]},"_coverageSchema":"1a1c01bbd47fc00a2c39e90264f33305004495a9","hash":"fb68a059d16919299e2eb70be4f058e949accb56"}
,"C:\\Users\\chars\\Desktop\\Study Stuff\\FDFDE\\FDFED_2\\Backend\\controllers\\CoursesController.js": {"path":"C:\\Users\\chars\\Desktop\\Study Stuff\\FDFDE\\FDFED_2\\Backend\\controllers\\CoursesController.js","statementMap":{"0":{"start":{"line":1,"column":22},"end":{"line":1,"column":53}},"1":{"start":{"line":2,"column":22},"end":{"line":2,"column":52}},"2":{"start":{"line":3,"column":23},"end":{"line":3,"column":55}},"3":{"start":{"line":4,"column":22},"end":{"line":4,"column":54}},"4":{"start":{"line":5,"column":20},"end":{"line":5,"column":50}},"5":{"start":{"line":6,"column":22},"end":{"line":6,"column":53}},"6":{"start":{"line":7,"column":21},"end":{"line":7,"column":51}},"7":{"start":{"line":8,"column":19},"end":{"line":8,"column":43}},"8":{"start":{"line":9,"column":15},"end":{"line":9,"column":32}},"9":{"start":{"line":10,"column":19},"end":{"line":10,"column":41}},"10":{"start":{"line":11,"column":18},"end":{"line":11,"column":37}},"11":{"start":{"line":12,"column":24},"end":{"line":12,"column":55}},"12":{"start":{"line":14,"column":0},"end":{"line":18,"column":5}},"13":{"start":{"line":20,"column":20},"end":{"line":20,"column":50}},"14":{"start":{"line":24,"column":4},"end":{"line":33,"column":5}},"15":{"start":{"line":25,"column":6},"end":{"line":30,"column":9}},"16":{"start":{"line":28,"column":8},"end":{"line":28,"column":25}},"17":{"start":{"line":29,"column":8},"end":{"line":29,"column":19}},"18":{"start":{"line":32,"column":6},"end":{"line":32,"column":21}},"19":{"start":{"line":37,"column":0},"end":{"line":69,"column":1}},"20":{"start":{"line":40,"column":20},"end":{"line":40,"column":57}},"21":{"start":{"line":42,"column":20},"end":{"line":44,"column":41}},"22":{"start":{"line":46,"column":4},"end":{"line":46,"column":37}},"23":{"start":{"line":71,"column":0},"end":{"line":96,"column":1}},"24":{"start":{"line":72,"column":21},"end":{"line":72,"column":31}},"25":{"start":{"line":74,"column":2},"end":{"line":94,"column":3}},"26":{"start":{"line":76,"column":4},"end":{"line":90,"column":3}},"27":{"start":{"line":77,"column":6},"end":{"line":77,"column":25}},"28":{"start":{"line":77,"column":15},"end":{"line":77,"column":25}},"29":{"start":{"line":79,"column":2},"end":{"line":90,"column":1}},"30":{"start":{"line":80,"column":4},"end":{"line":80,"column":44}},"31":{"start":{"line":82,"column":19},"end":{"line":83,"column":46}},"32":{"start":{"line":84,"column":4},"end":{"line":86,"column":5}},"33":{"start":{"line":85,"column":6},"end":{"line":85,"column":81}},"34":{"start":{"line":87,"column":4},"end":{"line":87,"column":127}},"35":{"start":{"line":88,"column":4},"end":{"line":88,"column":97}},"36":{"start":{"line":92,"column":4},"end":{"line":92,"column":19}},"37":{"start":{"line":93,"column":4},"end":{"line":93,"column":90}},"38":{"start":{"line":98,"column":0},"end":{"line":120,"column":1}},"39":{"start":{"line":99,"column":21},"end":{"line":99,"column":31}},"40":{"start":{"line":100,"column":4},"end":{"line":119,"column":5}},"41":{"start":{"line":103,"column":23},"end":{"line":105,"column":10}},"42":{"start":{"line":108,"column":8},"end":{"line":108,"column":28}},"43":{"start":{"line":110,"column":8},"end":{"line":112,"column":9}},"44":{"start":{"line":111,"column":12},"end":{"line":111,"column":87}},"45":{"start":{"line":113,"column":8},"end":{"line":113,"column":101}},"46":{"start":{"line":117,"column":8},"end":{"line":117,"column":27}},"47":{"start":{"line":118,"column":8},"end":{"line":118,"column":94}},"48":{"start":{"line":122,"column":0},"end":{"line":137,"column":1}},"49":{"start":{"line":123,"column":2},"end":{"line":136,"column":3}},"50":{"start":{"line":124,"column":40},"end":{"line":124,"column":48}},"51":{"start":{"line":125,"column":19},"end":{"line":125,"column":57}},"52":{"start":{"line":126,"column":4},"end":{"line":128,"column":5}},"53":{"start":{"line":127,"column":6},"end":{"line":127,"column":81}},"54":{"start":{"line":130,"column":23},"end":{"line":130,"column":78}},"55":{"start":{"line":131,"column":4},"end":{"line":131,"column":88}}
[...]
,"C:\\Users\\chars\\Desktop\\Study Stuff\\FDFDE\\FDFED_2\\Backend\\models\\admin.js": {"path":"C:\\Users\\chars\\Desktop\\Study Stuff\\FDFDE\\FDFED_2\\Backend\\models\\admin.js","statementMap":{"0":{"start":{"line":1,"column":17},"end":{"line":1,"column":36}},"1":{"start":{"line":3,"column":15},"end":{"line":3,"column":30}},"2":{"start":{"line":5,"column":14},"end":{"line":14,"column":2}},"3":{"start":{"line":17,"column":0},"end":{"line":17,"column":48}}},"fnMap":{},"branchMap":{},"s":{"0":1,"1":1,"2":1,"3":1},"f":{},"b":{},"_coverageSchema":"1a1c01bbd47fc00a2c39e90264f33305004495a9","hash":"e517a1b4191052e33de6d3f545eda2e35efd582b"}
,"C:\\Users\\chars\\Desktop\\Study Stuff\\FDFDE\\FDFED_2\\Backend\\models\\category.js": {"path":"C:\\Users\\chars\\Desktop\\Study Stuff\\FDFDE\\FDFED_2\\Backend\\models\\category.js","statementMap":{"0":{"start":{"line":1,"column":17},"end":{"line":1,"column":36}},"1":{"start":{"line":3,"column":23},"end":{"line":9,"column":2}},"2":{"start":{"line":11,"column":0},"end":{"line":11,"column":61}}},"fnMap":{},"branchMap":{},"s":{"0":1,"1":1,"2":1},"f":{},"b":{},"_coverageSchema":"1a1c01bbd47fc00a2c39e90264f33305004495a9","hash":"31a27dd91c43d4d487ddfa19d432f37d577aaa68"}
,"C:\\Users\\chars\\Desktop\\Study Stuff\\FDFDE\\FDFED_2\\Backend\\models\\comment.js": {"path":"C:\\Users\\chars\\Desktop\\Study Stuff\\FDFDE\\FDFED_2\\Backend\\models\\comment.js","statementMap":{"0":{"start":{"line":1,"column":17},"end":{"line":1,"column":36}},"1":{"start":{"line":3,"column":15},"end":{"line":3,"column":30}},"2":{"start":{"line":5,"column":22},"end":{"line":20,"column":2}},"3":{"start":{"line":22,"column":0},"end":{"line":22,"column":58}}},"fnMap":{},"branchMap":{},"s":{"0":1,"1":1,"2":1,"3":1},"f":{},"b":{},"_coverageSchema":"1a1c01bbd47fc00a2c39e90264f33305004495a9","hash":"6ca5afd1dde13966e8663c19a26cd717b8ddb8e4"}
,"C:\\Users\\chars\\Desktop\\Study Stuff\\FDFDE\\FDFED_2\\Backend\\models\\contact.js": {"path":"C:\\Users\\chars\\Desktop\\Study Stuff\\FDFDE\\FDFED_2\\Backend\\models\\contact.js","statementMap":{"0":{"start":{"line":1,"column":17},"end":{"line":1,"column":36}},"1":{"start":{"line":3,"column":15},"end":{"line":3,"column":30}},"2":{"start":{"line":6,"column":18},"end":{"line":12,"column":2}},"3":{"start":{"line":14,"column":0},"end":{"line":14,"column":56}}},"fnMap":{},"branchMap":{},"s":{"0":1,"1":1,"2":1,"3":1},"f":{},"b":{},"_coverageSchema":"1a1c01bbd47fc00a2c39e90264f33305004495a9","hash":"28d77aed057656844c28e31e4d08f26db374c1c1"}
,"C:\\Users\\chars\\Desktop\\Study Stuff\\FDFDE\\FDFED_2\\Backend\\models\\course.js": {"path":"C:\\Users\\chars\\Desktop\\Study Stuff\\FDFDE\\FDFED_2\\Backend\\models\\course.js","statementMap":{"0":{"start":{"line":1,"column":17},"end":{"line":1,"column":36}},"1":{"start":{"line":2,"column":15},"end":{"line":2,"column":30}},"2":{"start":{"line":4,"column":21},"end":{"line":71,"column":1}},"3":{"start":{"line":75,"column":0},"end":{"line":75,"column":57}}},"fnMap":{},"branchMap":{},"s":{"0":1,"1":1,"2":1,"3":1},"f":{},"b":{},"_coverageSchema":"1a1c01bbd47fc00a2c39e90264f33305004495a9","hash":"22e733efacd5aff28d676005f5ca8619d8f5728a"}
,"C:\\Users\\chars\\Desktop\\Study Stuff\\FDFDE\\FDFED_2\\Backend\\models\\order.js": {"path":"C:\\Users\\chars\\Desktop\\Study Stuff\\FDFDE\\FDFED_2\\Backend\\models\\order.js","statementMap":{"0":{"start":{"line":1,"column":17},"end":{"line":1,"column":36}},"1":{"start":{"line":4,"column":20},"end":{"line":23,"column":1}},"2":{"start":{"line":26,"column":0},"end":{"line":26,"column":55}}},"fnMap":{},"branchMap":{},"s":{"0":1,"1":1,"2":1},"f":{},"b":{},"_coverageSchema":"1a1c01bbd47fc00a2c39e90264f33305004495a9","hash":"77e66f4e6279eb8302617c890427aa4fdcf5cf6b"}
,"C:\\Users\\chars\\Desktop\\Study Stuff\\FDFDE\\FDFED_2\\Backend\\models\\progress.js": {"path":"C:\\Users\\chars\\Desktop\\Study Stuff\\FDFDE\\FDFED_2\\Backend\\models\\progress.js","statementMap":{"0":{"start":{"line":1,"column":17},"end":{"line":1,"column":36}},"1":{"start":{"line":3,"column":23},"end":{"line":20,"column":2}},"2":{"start":{"line":22,"column":0},"end":{"line":22,"column":61}}},"fnMap":{},"branchMap":{},"s":{"0":0,"1":0,"2":0},"f":{},"b":{}}
,"C:\\Users\\chars\\Desktop\\Study Stuff\\FDFDE\\FDFED_2\\Backend\\models\\purchase.js": {"path":"C:\\Users\\chars\\Desktop\\Study Stuff\\FDFDE\\FDFED_2\\Backend\\models\\purchase.js","statementMap":{"0":{"start":{"line":1,"column":17},"end":{"line":1,"column":36}},"1":{"start":{"line":4,"column":23},"end":{"line":25,"column":1}},"2":{"start":{"line":28,"column":0},"end":{"line":28,"column":61}}},"fnMap":{},"branchMap":{},"s":{"0":1,"1":1,"2":1},"f":{},"b":{},"_coverageSchema":"1a1c01bbd47fc00a2c39e90264f33305004495a9","hash":"4b08395ec4dea266a4d89a252e97f0b8393282b6"}
,"C:\\Users\\chars\\Desktop\\Study Stuff\\FDFDE\\FDFED_2\\Backend\\models\\quizes.js": {"path":"C:\\Users\\chars\\Desktop\\Study Stuff\\FDFDE\\FDFED_2\\Backend\\models\\quizes.js","statementMap":{"0":{"start":{"line":1,"column":17},"end":{"line":1,"column":36}},"1":{"start":{"line":3,"column":23},"end":{"line":16,"column":2}},"2":{"start":{"line":18,"column":19},"end":{"line":33,"column":2}},"3":{"start":{"line":35,"column":13},"end":{"line":35,"column":47}},"4":{"start":{"line":37,"column":0},"end":{"line":37,"column":22}}},"fnMap":{},"branchMap":{},"s":{"0":0,"1":0,"2":0,"3":0,"4":0},"f":{},"b":{}}
,"C:\\Users\\chars\\Desktop\\Study Stuff\\FDFDE\\FDFED_2\\Backend\\models\\rating.js": {"path":"C:\\Users\\chars\\Desktop\\Study Stuff\\FDFDE\\FDFED_2\\Backend\\models\\rating.js","statementMap":{"0":{"start":{"line":1,"column":17},"end":{"line":1,"column":36}},"1":{"start":{"line":3,"column":21},"end":{"line":19,"column":2}},"2":{"start":{"line":21,"column":0},"end":{"line":21,"column":57}}},"fnMap":{},"branchMap":{},"s":{"0":1,"1":1,"2":1},"f":{},"b":{},"_coverageSchema":"1a1c01bbd47fc00a2c39e90264f33305004495a9","hash":"98f60eb354795e68843b9acf512ec054eac01a16"}
,"C:\\Users\\chars\\Desktop\\Study Stuff\\FDFDE\\FDFED_2\\Backend\\models\\sections.js": {"path":"C:\\Users\\chars\\Desktop\\Study Stuff\\FDFDE\\FDFED_2\\Backend\\models\\sections.js","statementMap":{"0":{"start":{"line":1,"column":17},"end":{"line":1,"column":36}},"1":{"start":{"line":3,"column":22},"end":{"line":21,"column":2}},"2":{"start":{"line":23,"column":0},"end":{"line":23,"column":60}}},"fnMap":{},"branchMap":{},"s":{"0":1,"1":1,"2":1},"f":{},"b":{},"_coverageSchema":"1a1c01bbd47fc00a2c39e90264f33305004495a9","hash":"8f695c70ee0422d174599d205490743d5545515c"}
,"C:\\Users\\chars\\Desktop\\Study Stuff\\FDFDE\\FDFED_2\\Backend\\models\\teacher.js": {"path":"C:\\Users\\chars\\Desktop\\Study Stuff\\FDFDE\\FDFED_2\\Backend\\models\\teacher.js","statementMap":{"0":{"start":{"line":3,"column":17},"end":{"line":3,"column":36}},"1":{"start":{"line":5,"column":15},"end":{"line":5,"column":30}},"2":{"start":{"line":8,"column":22},"end":{"line":77,"column":1}},"3":{"start":{"line":82,"column":0},"end":{"line":82,"column":60}}},"fnMap":{},"branchMap":{},"s":{"0":1,"1":1,"2":1,"3":1},"f":{},"b":{},"_coverageSchema":"1a1c01bbd47fc00a2c39e90264f33305004495a9","hash":"93954da8b7a3f9978ee2ad296246b5ba7fff76a6"}
,"C:\\Users\\chars\\Desktop\\Study Stuff\\FDFDE\\FDFED_2\\Backend\\models\\user.js": {"path":"C:\\Users\\chars\\Desktop\\Study Stuff\\FDFDE\\FDFED_2\\Backend\\models\\user.js","statementMap":{"0":{"start":{"line":1,"column":17},"end":{"line":1,"column":36}},"1":{"start":{"line":3,"column":15},"end":{"line":3,"column":30}},"2":{"start":{"line":6,"column":19},"end":{"line":72,"column":1}},"3":{"start":{"line":75,"column":0},"end":{"line":75,"column":53}}},"fnMap":{},"branchMap":{},"s":{"0":1,"1":1,"2":1,"3":1},"f":{},"b":{},"_coverageSchema":"1a1c01bbd47fc00a2c39e90264f33305004495a9","hash":"299fd4360e71eb55809d12c96106d3b542a1bc6e"}
,"C:\\Users\\chars\\Desktop\\Study Stuff\\FDFDE\\FDFED_2\\Backend\\models\\videos.js": {"path":"C:\\Users\\chars\\Desktop\\Study Stuff\\FDFDE\\FDFED_2\\Backend\\models\\videos.js","statementMap":{"0":{"start":{"line":1,"column":17},"end":{"line":1,"column":36}},"1":{"start":{"line":3,"column":20},"end":{"line":12,"column":2}},"2":{"start":{"line":14,"column":0},"end":{"line":14,"column":55}}},"fnMap":{},"branchMap":{},"s":{"0":1,"1":1,"2":1},"f":{},"b":{},"_coverageSchema":"1a1c01bbd47fc00a2c39e90264f33305004495a9","hash":"329a403e1629dea48e530889e30ee2a914c7f850"}
,"C:\\Users\\chars\\Desktop\\Study Stuff\\FDFDE\\FDFED_2\\Backend\\routes\\AdminRoutes.js": {"path":"C:\\Users\\chars\\Desktop\\Study Stuff\\FDFDE\\FDFED_2\\Backend\\routes\\AdminRoutes.js","statementMap":{"0":{"start":{"line":1,"column":16},"end":{"line":1,"column":34}},"1":{"start":{"line":2,"column":15},"end":{"line":2,"column":31}},"2":{"start":{"line":4,"column":150},"end":{"line":4,"column":191}},"3":{"start":{"line":6,"column":0},"end":{"line":8,"column":2}},"4":{"start":{"line":10,"column":0},"end":{"line":12,"column":2}},"5":{"start":{"line":14,"column":0},"end":{"line":16,"column":2}},"6":{"start":{"line":18,"column":0},"end":{"line":20,"column":2}},"7":{"start":{"line":22,"column":0},"end":{"line":24,"column":2}},"8":{"start":{"line":26,"column":0},"end":{"line":28,"column":2}},"9":{"start":{"line":30,"column":0},"end":{"line":32,"column":2}},"10":{"start":{"line":34,"column":0},"end":{"line":36,"column":2}},"11":{"start":{"line":38,"column":0},"end":{"line":40,"column":1}},"12":{"start":{"line":42,"column":0},"end":{"line":45,"column":4}},"13":{"start":{"line":43,"column":4},"end":{"line":43,"column":36}},"14":{"start":{"line":44,"column":4},"end":{"line":44,"column":10}},"15":{"start":{"line":48,"column":0},"end":{"line":48,"column":24}}},"fnMap":{"0":{"name":"(anonymous_0)","decl":{"start":{"line":42,"column":11},"end":{"line":42,"column":12}},"loc":{"start":{"line":42,"column":31},"end":{"line":45,"column":3}},"line":42}},"branchMap":{},"s":{"0":1,"1":1,"2":1,"3":1,"4":1,"5":1,"6":1,"7":1,"8":1,"9":1,"10":1,"11":1,"12":1,"13":0,"14":0,"15":1},"f":{"0":0},"b":{},"_coverageSchema":"1a1c01bbd47fc00a2c39e90264f33305004495a9","hash":"f1cf23c5b0a61a5ea77b30e979b575bd8e6aec2c"}
,"C:\\Users\\chars\\Desktop\\Study Stuff\\FDFDE\\FDFED_2\\Backend\\routes\\AuthRoutes.js": {"path":"C:\\Users\\chars\\Desktop\\Study Stuff\\FDFDE\\FDFED_2\\Backend\\routes\\AuthRoutes.js","statementMap":{"0":{"start":{"line":1,"column":16},"end":{"line":1,"column":34}},"1":{"start":{"line":2,"column":15},"end":{"line":2,"column":31}},"2":{"start":{"line":4,"column":83},"end":{"line":4,"column":123}},"3":{"start":{"line":7,"column":0},"end":{"line":54,"column":2}},"4":{"start":{"line":57,"column":0},"end":{"line":92,"column":1}},"5":{"start":{"line":94,"column":0},"end":{"line":130,"column":2}},"6":{"start":{"line":132,"column":0},"end":{"line":165,"column":2}},"7":{"start":{"line":168,"column":0},"end":{"line":168,"column":24}}},"fnMap":{},"branchMap":{},"s":{"0":1,"1":1,"2":1,"3":1,"4":1,"5":1,"6":1,"7":1},"f":{},"b":{},"_coverageSchema":"1a1c01bbd47fc00a2c39e90264f33305004495a9","hash":"95897cdaf15885dd23e40f707a0ccca3797cb070"}
,"C:\\Users\\chars\\Desktop\\Study Stuff\\FDFDE\\FDFED_2\\Backend\\routes\\CourseRoutes.js": {"path":"C:\\Users\\chars\\Desktop\\Study Stuff\\FDFDE\\FDFED_2\\Backend\\routes\\CourseRoutes.js","statementMap":{"0":{"start":{"line":1,"column":16},"end":{"line":1,"column":34}},"1":{"start":{"line":2,"column":250},"end":{"line":2,"column":293}},"2":{"start":{"line":3,"column":15},"end":{"line":3,"column":31}},"3":{"start":{"line":4,"column":15},"end":{"line":4,"column":32}},"4":{"start":{"line":5,"column":19},"end":{"line":5,"column":41}},"5":{"start":{"line":6,"column":15},"end":{"line":6,"column":32}},"6":{"start":{"line":7,"column":26},"end":{"line":7,"column":65}},"7":{"start":{"line":8,"column":19},"end":{"line":8,"column":43}},"8":{"start":{"line":9,"column":28},"end":{"line":9,"column":64}},"9":{"start":{"line":12,"column":0},"end":{"line":16,"column":3}},"10":{"start":{"line":20,"column":16},"end":{"line":27,"column":2}},"11":{"start":{"line":29,"column":15},"end":{"line":31,"column":2}},"12":{"start":{"line":33,"column":0},"end":{"line":50,"column":2}},"13":{"start":{"line":53,"column":0},"end":{"line":77,"column":2}},"14":{"start":{"line":53,"column":62},"end":{"line":53,"column":85}},"15":{"start":{"line":53,"column":86},"end":{"line":53,"column":93}},"16":{"start":{"line":79,"column":0},"end":{"line":112,"column":1}},"17":{"start":{"line":114,"column":0},"end":{"line":143,"column":1}},"18":{"start":{"line":145,"column":0},"end":{"line":163,"column":2}},"19":{"start":{"line":165,"column":0},"end":{"line":171,"column":1}},"20":{"start":{"line":173,"column":0},"end":{"line":175,"column":2}},"21":{"start":{"line":177,"column":0},"end":{"line":179,"column":2}},"22":{"start":{"line":180,"column":0},"end":{"line":182,"column":2}},"23":{"start":{"line":183,"column":0},"end":{"line":185,"column":2}},"24":{"start":{"line":186,"column":0},"end":{"line":188,"column":2}},"25":{"start":{"line":189,"column":0},"end":{"line":191,"column":2}},"26":{"start":{"line":193,"column":0},"end":{"line":195,"column":1}},"27":{"start":{"line":196,"column":0},"end":{"line":198,"column":2}},"28":{"start":{"line":200,"column":0},"end":{"line":203,"column":2}},"29":{"start":{"line":205,"column":0},"end":{"line":205,"column":24}}},"fnMap":{"0":{"name":"(anonymous_0)","decl":{"start":{"line":53,"column":45},"end":{"line":53,"column":46}},"loc":{"start":{"line":53,"column":61},"end":{"line":53,"column":94}},"line":53}},"branchMap":{},"s":{"0":1,"1":1,"2":1,"3":1,"4":1,"5":1,"6":1,"7":1,"8":1,"9":1,"10":1,"11":1,"12":1,"13":1,"14":0,"15":0,"16":1,"17":1,"18":1,"19":1,"20":1,"21":1,"22":1,"23":1,"24":1,"25":1,"26":1,"27":1,"28":1,"29":1},"f":{"0":0},"b":{},"_coverageSchema":"1a1c01bbd47fc00a2c39e90264f33305004495a9","hash":"b4422ab25e11832a8037061be16166546dfe964e"}
,"C:\\Users\\chars\\Desktop\\Study Stuff\\FDFDE\\FDFED_2\\Backend\\routes\\PaymentRoutes.js": {"path":"C:\\Users\\chars\\Desktop\\Study Stuff\\FDFDE\\FDFED_2\\Backend\\routes\\PaymentRoutes.js","statementMap":{"0":{"start":{"line":1,"column":16},"end":{"line":1,"column":34}},"1":{"start":{"line":2,"column":30},"end":{"line":2,"column":73}},"2":{"start":{"line":3,"column":15},"end":{"line":3,"column":31}},"3":{"start":{"line":7,"column":0},"end":{"line":28,"column":2}},"4":{"start":{"line":31,"column":0},"end":{"line":31,"column":24}}},"fnMap":{},"branchMap":{},"s":{"0":1,"1":1,"2":1,"3":1,"4":1},"f":{},"b":{},"_coverageSchema":"1a1c01bbd47fc00a2c39e90264f33305004495a9","hash":"70b89f318516aa7fd5ccbc2813fbf182e9f9a823"}
,"C:\\Users\\chars\\Desktop\\Study Stuff\\FDFDE\\FDFED_2\\Backend\\routes\\TeacherRoutes.js": {"path":"C:\\Users\\chars\\Desktop\\Study Stuff\\FDFDE\\FDFED_2\\Backend\\routes\\TeacherRoutes.js","statementMap":{"0":{"start":{"line":1,"column":16},"end":{"line":1,"column":34}},"1":{"start":{"line":4,"column":15},"end":{"line":4,"column":31}},"2":{"start":{"line":6,"column":97},"end":{"line":6,"column":140}},"3":{"start":{"line":7,"column":153},"end":{"line":7,"column":215}},"4":{"start":{"line":9,"column":0},"end":{"line":9,"column":46}},"5":{"start":{"line":11,"column":0},"end":{"line":29,"column":2}},"6":{"start":{"line":31,"column":0},"end":{"line":53,"column":2}},"7":{"start":{"line":55,"column":0},"end":{"line":77,"column":1}},"8":{"start":{"line":80,"column":0},"end":{"line":82,"column":2}},"9":{"start":{"line":84,"column":0},"end":{"line":86,"column":2}},"10":{"start":{"line":88,"column":0},"end":{"line":90,"column":2}},"11":{"start":{"line":92,"column":0},"end":{"line":94,"column":2}},"12":{"start":{"line":96,"column":0},"end":{"line":98,"column":2}},"13":{"start":{"line":100,"column":0},"end":{"line":102,"column":1}},"14":{"start":{"line":104,"column":0},"end":{"line":106,"column":2}},"15":{"start":{"line":108,"column":0},"end":{"line":108,"column":25}}},"fnMap":{},"branchMap":{},"s":{"0":1,"1":1,"2":1,"3":1,"4":1,"5":1,"6":1,"7":1,"8":1,"9":1,"10":1,"11":1,"12":1,"13":1,"14":1,"15":1},"f":{},"b":{},"_coverageSchema":"1a1c01bbd47fc00a2c39e90264f33305004495a9","hash":"608ddf1db0e39677f46b6a84e278d823a07aec1b"}
,"C:\\Users\\chars\\Desktop\\Study Stuff\\FDFDE\\FDFED_2\\Backend\\routes\\UserRoutes.js": {"path":"C:\\Users\\chars\\Desktop\\Study Stuff\\FDFDE\\FDFED_2\\Backend\\routes\\UserRoutes.js","statementMap":{"0":{"start":{"line":1,"column":12},"end":{"line":1,"column":30}},"1":{"start":{"line":2,"column":15},"end":{"line":2,"column":27}},"2":{"start":{"line":5,"column":35},"end":{"line":5,"column":84}},"3":{"start":{"line":6,"column":141},"end":{"line":6,"column":184}},"4":{"start":{"line":7,"column":33},"end":{"line":7,"column":86}},"5":{"start":{"line":8,"column":31},"end":{"line":8,"column":88}},"6":{"start":{"line":9,"column":34},"end":{"line":9,"column":96}},"7":{"start":{"line":10,"column":43},"end":{"line":10,"column":97}},"8":{"start":{"line":12,"column":26},"end":{"line":12,"column":68}},"9":{"start":{"line":15,"column":0},"end":{"line":38,"column":1}},"10":{"start":{"line":40,"column":0},"end":{"line":70,"column":2}},"11":{"start":{"line":72,"column":0},"end":{"line":108,"column":1}},"12":{"start":{"line":110,"column":0},"end":{"line":140,"column":1}},"13":{"start":{"line":142,"column":0},"end":{"line":176,"column":1}},"14":{"start":{"line":179,"column":0},"end":{"line":206,"column":1}},"15":{"start":{"line":208,"column":0},"end":{"line":210,"column":1}},"16":{"start":{"line":213,"column":0},"end":{"line":240,"column":1}},"17":{"start":{"line":242,"column":0},"end":{"line":244,"column":2}},"18":{"start":{"line":246,"column":0},"end":{"line":248,"column":2}},"19":{"start":{"line":251,"column":0},"end":{"line":253,"column":2}},"20":{"start":{"line":255,"column":0},"end":{"line":257,"column":2}},"21":{"start":{"line":259,"column":0},"end":{"line":259,"column":68}},"22":{"start":{"line":260,"column":0},"end":{"line":260,"column":46}},"23":{"start":{"line":262,"column":0},"end":{"line":262,"column":24}}},"fnMap":{},"branchMap":{},"s":{"0":1,"1":1,"2":1,"3":1,"4":1,"5":1,"6":1,"7":1,"8":1,"9":1,"10":1,"11":1,"12":1,"13":1,"14":1,"15":1,"16":1,"17":1,"18":1,"19":1,"20":1,"21":1,"22":1,"23":1},"f":{},"b":{},"_coverageSchema":"1a1c01bbd47fc00a2c39e90264f33305004495a9","hash":"7fd75a401eff84ad0d4d990951c442ab34f3d24f"}
}
