TN:
SF:app.js
FN:126,(anonymous_0)
FN:142,(anonymous_1)
FN:147,(anonymous_2)
FNF:3
FNH:1
FNDA:0,(anonymous_0)
FNDA:1,(anonymous_1)
FNDA:0,(anonymous_2)
DA:1,1
DA:2,1
DA:3,1
DA:5,1
DA:6,1
DA:7,1
DA:8,1
DA:9,1
DA:10,1
DA:11,1
DA:15,1
DA:18,1
DA:19,1
DA:23,1
DA:26,1
DA:27,1
DA:31,1
DA:32,1
DA:33,1
DA:34,1
DA:35,1
DA:36,1
DA:37,1
DA:40,1
DA:43,1
DA:44,1
DA:45,1
DA:47,1
DA:48,1
DA:51,1
DA:54,1
DA:73,1
DA:85,1
DA:96,1
DA:108,1
DA:119,1
DA:126,1
DA:135,0
DA:139,1
DA:141,1
DA:142,1
DA:143,1
DA:147,1
DA:148,0
DA:149,0
DA:150,0
DA:158,1
LF:47
LH:43
BRDA:148,0,0,0
BRDA:148,0,1,0
BRDA:149,1,0,0
BRDA:149,1,1,0
BRF:4
BRH:0
end_of_record
TN:
SF:mainServer.js
FN:38,(anonymous_0)
FN:42,(anonymous_1)
FN:50,(anonymous_2)
FN:65,(anonymous_3)
FN:75,(anonymous_4)
FN:78,(anonymous_5)
FN:86,(anonymous_6)
FN:97,(anonymous_7)
FN:100,(anonymous_8)
FN:108,(anonymous_9)
FN:121,(anonymous_10)
FN:138,(anonymous_11)
FN:140,(anonymous_12)
FN:160,(anonymous_13)
FN:166,(anonymous_14)
FN:171,(anonymous_15)
FN:181,(anonymous_16)
FN:186,(anonymous_17)
FN:197,(anonymous_18)
FN:199,(anonymous_19)
FN:205,(anonymous_20)
FN:224,(anonymous_21)
FN:230,(anonymous_22)
FN:235,(anonymous_23)
FN:244,(anonymous_24)
FN:256,(anonymous_25)
FN:263,(anonymous_26)
FN:292,(anonymous_27)
FN:322,(anonymous_28)
FN:331,(anonymous_29)
FN:352,(anonymous_30)
FN:357,(anonymous_31)
FN:361,(anonymous_32)
FN:375,shuffleArray
FN:384,(anonymous_34)
FN:387,(anonymous_35)
FN:391,(anonymous_36)
FN:397,(anonymous_37)
FN:403,(anonymous_38)
FN:408,(anonymous_39)
FN:413,(anonymous_40)
FN:418,(anonymous_41)
FN:447,(anonymous_42)
FN:453,(anonymous_43)
FN:460,(anonymous_44)
FN:472,(anonymous_45)
FN:485,(anonymous_46)
FN:499,(anonymous_47)
FN:530,(anonymous_48)
FN:534,(anonymous_49)
FN:558,(anonymous_50)
FN:562,(anonymous_51)
FN:576,(anonymous_52)
FN:588,(anonymous_53)
FN:606,(anonymous_54)
FN:629,(anonymous_55)
FN:662,(anonymous_56)
FN:669,(anonymous_57)
FN:675,(anonymous_58)
FN:683,(anonymous_59)
FN:689,(anonymous_60)
FN:696,(anonymous_61)
FN:702,(anonymous_62)
FNF:63
FNH:0
FNDA:0,(anonymous_0)
FNDA:0,(anonymous_1)
FNDA:0,(anonymous_2)
FNDA:0,(anonymous_3)
FNDA:0,(anonymous_4)
FNDA:0,(anonymous_5)
FNDA:0,(anonymous_6)
FNDA:0,(anonymous_7)
FNDA:0,(anonymous_8)
FNDA:0,(anonymous_9)
FNDA:0,(anonymous_10)
FNDA:0,(anonymous_11)
FNDA:0,(anonymous_12)
FNDA:0,(anonymous_13)
FNDA:0,(anonymous_14)
FNDA:0,(anonymous_15)
FNDA:0,(anonymous_16)
FNDA:0,(anonymous_17)
FNDA:0,(anonymous_18)
FNDA:0,(anonymous_19)
FNDA:0,(anonymous_20)
FNDA:0,(anonymous_21)
FNDA:0,(anonymous_22)
FNDA:0,(anonymous_23)
FNDA:0,(anonymous_24)
FNDA:0,(anonymous_25)
FNDA:0,(anonymous_26)
FNDA:0,(anonymous_27)
FNDA:0,(anonymous_28)
FNDA:0,(anonymous_29)
FNDA:0,(anonymous_30)
FNDA:0,(anonymous_31)
FNDA:0,(anonymous_32)
FNDA:0,shuffleArray
FNDA:0,(anonymous_34)
FNDA:0,(anonymous_35)
FNDA:0,(anonymous_36)
FNDA:0,(anonymous_37)
FNDA:0,(anonymous_38)
FNDA:0,(anonymous_39)
FNDA:0,(anonymous_40)
FNDA:0,(anonymous_41)
FNDA:0,(anonymous_42)
FNDA:0,(anonymous_43)
FNDA:0,(anonymous_44)
FNDA:0,(anonymous_45)
FNDA:0,(anonymous_46)
FNDA:0,(anonymous_47)
FNDA:0,(anonymous_48)
FNDA:0,(anonymous_49)
FNDA:0,(anonymous_50)
FNDA:0,(anonymous_51)
FNDA:0,(anonymous_52)
FNDA:0,(anonymous_53)
FNDA:0,(anonymous_54)
FNDA:0,(anonymous_55)
FNDA:0,(anonymous_56)
FNDA:0,(anonymous_57)
FNDA:0,(anonymous_58)
FNDA:0,(anonymous_59)
FNDA:0,(anonymous_60)
FNDA:0,(anonymous_61)
FNDA:0,(anonymous_62)
DA:1,0
DA:2,0
DA:3,0
DA:4,0
DA:6,0
DA:9,0
DA:10,0
DA:11,0
DA:12,0
DA:14,0
DA:15,0
DA:16,0
DA:18,0
DA:19,0
DA:21,0
DA:22,0
DA:23,0
DA:24,0
DA:28,0
DA:29,0
DA:30,0
DA:31,0
DA:38,0
DA:39,0
DA:40,0
DA:41,0
DA:42,0
DA:43,0
DA:44,0
DA:48,0
DA:49,0
DA:50,0
DA:51,0
DA:52,0
DA:60,0
DA:61,0
DA:65,0
DA:66,0
DA:67,0
DA:70,0
DA:75,0
DA:76,0
DA:78,0
DA:80,0
DA:88,0
DA:94,0
DA:97,0
DA:98,0
DA:100,0
DA:102,0
DA:110,0
DA:116,0
DA:121,0
DA:122,0
DA:124,0
DA:125,0
DA:127,0
DA:128,0
DA:130,0
DA:131,0
DA:133,0
DA:136,0
DA:138,0
DA:140,0
DA:141,0
DA:148,0
DA:155,0
DA:160,0
DA:162,0
DA:163,0
DA:164,0
DA:166,0
DA:167,0
DA:168,0
DA:171,0
DA:172,0
DA:178,0
DA:181,0
DA:184,0
DA:186,0
DA:187,0
DA:188,0
DA:191,0
DA:192,0
DA:194,0
DA:195,0
DA:197,0
DA:199,0
DA:200,0
DA:206,0
DA:224,0
DA:225,0
DA:226,0
DA:230,0
DA:231,0
DA:232,0
DA:235,0
DA:236,0
DA:237,0
DA:238,0
DA:239,0
DA:244,0
DA:245,0
DA:246,0
DA:247,0
DA:249,0
DA:251,0
DA:252,0
DA:256,0
DA:257,0
DA:259,0
DA:263,0
DA:264,0
DA:265,0
DA:266,0
DA:268,0
DA:292,0
DA:293,0
DA:294,0
DA:297,0
DA:299,0
DA:301,0
DA:303,0
DA:307,0
DA:310,0
DA:314,0
DA:317,0
DA:318,0
DA:322,0
DA:323,0
DA:324,0
DA:325,0
DA:326,0
DA:327,0
DA:331,0
DA:333,0
DA:334,0
DA:335,0
DA:338,0
DA:339,0
DA:347,0
DA:352,0
DA:355,0
DA:357,0
DA:358,0
DA:359,0
DA:361,0
DA:363,0
DA:364,0
DA:367,0
DA:376,0
DA:377,0
DA:378,0
DA:379,0
DA:380,0
DA:384,0
DA:385,0
DA:386,0
DA:387,0
DA:389,0
DA:390,0
DA:391,0
DA:392,0
DA:397,0
DA:398,0
DA:400,0
DA:403,0
DA:404,0
DA:406,0
DA:408,0
DA:409,0
DA:411,0
DA:413,0
DA:414,0
DA:416,0
DA:418,0
DA:419,0
DA:421,0
DA:427,0
DA:428,0
DA:438,0
DA:447,0
DA:449,0
DA:450,0
DA:453,0
DA:454,0
DA:455,0
DA:460,0
DA:461,0
DA:462,0
DA:465,0
DA:466,0
DA:468,0
DA:469,0
DA:470,0
DA:472,0
DA:473,0
DA:477,0
DA:478,0
DA:479,0
DA:484,0
DA:485,0
DA:487,0
DA:497,0
DA:499,0
DA:501,0
DA:502,0
DA:503,0
DA:504,0
DA:506,0
DA:507,0
DA:512,0
DA:514,0
DA:515,0
DA:516,0
DA:517,0
DA:519,0
DA:521,0
DA:529,0
DA:531,0
DA:535,0
DA:538,0
DA:539,0
DA:543,0
DA:544,0
DA:545,0
DA:546,0
DA:547,0
DA:549,0
DA:557,0
DA:559,0
DA:563,0
DA:566,0
DA:568,0
DA:576,0
DA:578,0
DA:579,0
DA:580,0
DA:581,0
DA:582,0
DA:583,0
DA:584,0
DA:586,0
DA:587,0
DA:588,0
DA:589,0
DA:590,0
DA:592,0
DA:593,0
DA:596,0
DA:598,0
DA:599,0
DA:600,0
DA:603,0
DA:604,0
DA:606,0
DA:615,0
DA:616,0
DA:622,0
DA:629,0
DA:630,0
DA:631,0
DA:634,0
DA:635,0
DA:636,0
DA:637,0
DA:639,0
DA:640,0
DA:648,0
DA:649,0
DA:654,0
DA:662,0
DA:664,0
DA:665,0
DA:667,0
DA:670,0
DA:675,0
DA:676,0
DA:677,0
DA:678,0
DA:683,0
DA:684,0
DA:685,0
DA:689,0
DA:690,0
DA:691,0
DA:692,0
DA:693,0
DA:696,0
DA:697,0
DA:701,0
DA:702,0
DA:703,0
LF:293
LH:0
BRDA:39,0,0,0
BRDA:39,0,1,0
BRDA:40,1,0,0
BRDA:40,1,1,0
BRDA:48,2,0,0
BRDA:48,2,1,0
BRDA:66,3,0,0
BRDA:66,3,1,0
BRDA:76,4,0,0
BRDA:76,4,1,0
BRDA:98,5,0,0
BRDA:98,5,1,0
BRDA:122,6,0,0
BRDA:122,6,1,0
BRDA:130,7,0,0
BRDA:130,7,1,0
BRDA:136,8,0,0
BRDA:136,8,1,0
BRDA:162,9,0,0
BRDA:162,9,1,0
BRDA:167,10,0,0
BRDA:167,10,1,0
BRDA:187,11,0,0
BRDA:187,11,1,0
BRDA:301,12,0,0
BRDA:301,12,1,0
BRDA:323,13,0,0
BRDA:323,13,1,0
BRDA:334,14,0,0
BRDA:334,14,1,0
BRDA:358,15,0,0
BRDA:358,15,1,0
BRDA:363,16,0,0
BRDA:363,16,1,0
BRDA:427,17,0,0
BRDA:427,17,1,0
BRDA:454,18,0,0
BRDA:454,18,1,0
BRDA:461,19,0,0
BRDA:461,19,1,0
BRDA:468,20,0,0
BRDA:468,20,1,0
BRDA:477,21,0,0
BRDA:477,21,1,0
BRDA:512,22,0,0
BRDA:512,22,1,0
BRDA:516,23,0,0
BRDA:516,23,1,0
BRDA:545,24,0,0
BRDA:545,24,1,0
BRDA:582,25,0,0
BRDA:582,25,1,0
BRDA:586,26,0,0
BRDA:586,26,1,0
BRDA:589,27,0,0
BRDA:589,27,1,0
BRDA:596,28,0,0
BRDA:596,28,1,0
BRDA:630,29,0,0
BRDA:630,29,1,0
BRDA:634,30,0,0
BRDA:634,30,1,0
BRF:62
BRH:0
end_of_record
TN:
SF:controllers\AdminController.js
FN:32,(anonymous_0)
FN:37,(anonymous_1)
FN:53,(anonymous_2)
FN:67,(anonymous_3)
FN:92,(anonymous_4)
FN:103,(anonymous_5)
FN:129,(anonymous_6)
FN:155,(anonymous_7)
FN:165,(anonymous_8)
FN:182,(anonymous_9)
FN:214,(anonymous_10)
FN:231,(anonymous_11)
FN:263,(anonymous_12)
FN:292,(anonymous_13)
FNF:14
FNH:1
FNDA:0,(anonymous_0)
FNDA:1,(anonymous_1)
FNDA:0,(anonymous_2)
FNDA:0,(anonymous_3)
FNDA:0,(anonymous_4)
FNDA:0,(anonymous_5)
FNDA:0,(anonymous_6)
FNDA:0,(anonymous_7)
FNDA:0,(anonymous_8)
FNDA:0,(anonymous_9)
FNDA:0,(anonymous_10)
FNDA:0,(anonymous_11)
FNDA:0,(anonymous_12)
FNDA:0,(anonymous_13)
DA:1,1
DA:3,1
DA:5,1
DA:7,1
DA:9,1
DA:11,1
DA:12,1
DA:15,1
DA:24,1
DA:32,1
DA:33,0
DA:37,1
DA:38,1
DA:53,1
DA:54,0
DA:55,0
DA:57,0
DA:61,0
DA:67,1
DA:69,0
DA:70,0
DA:71,0
DA:72,0
DA:73,0
DA:75,0
DA:83,0
DA:84,0
DA:92,1
DA:93,0
DA:94,0
DA:95,0
DA:96,0
DA:98,0
DA:99,0
DA:103,1
DA:104,0
DA:105,0
DA:120,0
DA:122,0
DA:123,0
DA:129,1
DA:130,0
DA:131,0
DA:133,0
DA:134,0
DA:138,0
DA:145,0
DA:149,0
DA:155,1
DA:156,0
DA:157,0
DA:158,0
DA:160,0
DA:161,0
DA:165,1
DA:166,0
DA:167,0
DA:169,0
DA:170,0
DA:175,0
DA:178,0
DA:182,1
DA:183,0
DA:184,0
DA:185,0
DA:186,0
DA:188,0
DA:192,0
DA:214,1
DA:215,0
DA:216,0
DA:217,0
DA:219,0
DA:221,0
DA:225,0
DA:231,1
DA:232,0
DA:234,0
DA:237,0
DA:238,0
DA:246,0
DA:249,0
DA:253,0
DA:254,0
DA:263,1
DA:264,0
DA:266,0
DA:269,0
DA:270,0
DA:278,0
DA:281,0
DA:285,0
DA:286,0
DA:292,1
DA:293,0
DA:314,0
DA:315,0
DA:320,0
DA:322,0
DA:323,0
DA:328,0
DA:329,0
DA:337,0
DA:340,0
DA:342,0
DA:350,0
DA:379,0
LF:107
LH:24
BRDA:133,0,0,0
BRDA:133,0,1,0
BRDA:133,1,0,0
BRDA:133,1,1,0
BRDA:133,1,2,0
BRDA:133,1,3,0
BRDA:133,1,4,0
BRDA:237,2,0,0
BRDA:237,2,1,0
BRDA:269,3,0,0
BRDA:269,3,1,0
BRDA:315,4,0,0
BRDA:315,4,1,0
BRDA:328,5,0,0
BRDA:328,5,1,0
BRF:15
BRH:0
end_of_record
TN:
SF:controllers\AuthController.js
FN:15,(anonymous_0)
FN:68,(anonymous_1)
FN:203,(anonymous_2)
FN:288,(anonymous_3)
FN:338,(anonymous_4)
FNF:5
FNH:0
FNDA:0,(anonymous_0)
FNDA:0,(anonymous_1)
FNDA:0,(anonymous_2)
FNDA:0,(anonymous_3)
FNDA:0,(anonymous_4)
DA:1,1
DA:2,1
DA:3,1
DA:4,1
DA:5,1
DA:6,1
DA:7,1
DA:15,1
DA:16,0
DA:18,0
DA:19,0
DA:21,0
DA:22,0
DA:27,0
DA:28,0
DA:29,0
DA:30,0
DA:34,0
DA:36,0
DA:37,0
DA:38,0
DA:43,0
DA:45,0
DA:46,0
DA:53,0
DA:54,0
DA:55,0
DA:61,0
DA:62,0
DA:68,1
DA:69,0
DA:70,0
DA:71,0
DA:72,0
DA:89,0
DA:91,0
DA:92,0
DA:93,0
DA:94,0
DA:99,0
DA:107,0
DA:118,0
DA:120,0
DA:121,0
DA:122,0
DA:123,0
DA:124,0
DA:129,0
DA:136,0
DA:137,0
DA:138,0
DA:140,0
DA:142,0
DA:149,0
DA:150,0
DA:151,0
DA:153,0
DA:166,0
DA:167,0
DA:170,0
DA:172,0
DA:173,0
DA:177,0
DA:178,0
DA:185,0
DA:186,0
DA:196,0
DA:197,0
DA:203,1
DA:204,0
DA:205,0
DA:206,0
DA:207,0
DA:208,0
DA:209,0
DA:210,0
DA:211,0
DA:218,0
DA:225,0
DA:235,0
DA:237,0
DA:288,1
DA:289,0
DA:290,0
DA:291,0
DA:293,0
DA:294,0
DA:295,0
DA:296,0
DA:297,0
DA:302,0
DA:303,0
DA:308,0
DA:315,0
DA:316,0
DA:317,0
DA:324,0
DA:325,0
DA:331,0
DA:338,1
DA:339,0
DA:340,0
DA:342,0
DA:343,0
DA:344,0
DA:345,0
DA:349,0
DA:350,0
DA:351,0
DA:354,0
DA:355,0
DA:363,0
DA:364,0
DA:365,0
DA:369,0
DA:370,0
DA:374,0
DA:377,0
DA:378,0
DA:387,0
LF:120
LH:12
BRDA:21,0,0,0
BRDA:21,0,1,0
BRDA:21,1,0,0
BRDA:21,1,1,0
BRDA:21,1,2,0
BRDA:21,1,3,0
BRDA:29,2,0,0
BRDA:29,2,1,0
BRDA:37,3,0,0
BRDA:37,3,1,0
BRDA:91,4,0,0
BRDA:91,4,1,0
BRDA:93,5,0,0
BRDA:93,5,1,0
BRDA:121,6,0,0
BRDA:121,6,1,0
BRDA:123,7,0,0
BRDA:123,7,1,0
BRDA:166,8,0,0
BRDA:166,8,1,0
BRDA:172,9,0,0
BRDA:172,9,1,0
BRDA:208,10,0,0
BRDA:208,10,1,0
BRDA:210,11,0,0
BRDA:210,11,1,0
BRDA:294,12,0,0
BRDA:294,12,1,0
BRDA:296,13,0,0
BRDA:296,13,1,0
BRDA:342,14,0,0
BRDA:342,14,1,0
BRDA:344,15,0,0
BRDA:344,15,1,0
BRDA:350,16,0,0
BRDA:350,16,1,0
BRDA:350,17,0,0
BRDA:350,17,1,0
BRDA:364,18,0,0
BRDA:364,18,1,0
BRDA:370,19,0,0
BRDA:370,19,1,0
BRDA:371,20,0,0
BRDA:371,20,1,0
BRF:44
BRH:0
end_of_record
TN:
SF:controllers\CoursesController.js
FN:23,handleUploadImage
FN:27,(anonymous_1)
FN:37,(anonymous_2)
FN:71,(anonymous_3)
FN:76,(anonymous_4)
FN:98,(anonymous_5)
FN:122,(anonymous_6)
FN:139,(anonymous_7)
FN:154,(anonymous_8)
FN:193,(anonymous_9)
FN:212,(anonymous_10)
FN:228,(anonymous_11)
FN:244,(anonymous_12)
FN:269,(anonymous_13)
FN:283,(anonymous_14)
FN:302,(anonymous_15)
FN:319,(anonymous_16)
FN:348,(anonymous_17)
FNF:18
FNH:2
FNDA:0,handleUploadImage
FNDA:0,(anonymous_1)
FNDA:0,(anonymous_2)
FNDA:2,(anonymous_3)
FNDA:2,(anonymous_4)
FNDA:0,(anonymous_5)
FNDA:0,(anonymous_6)
FNDA:0,(anonymous_7)
FNDA:0,(anonymous_8)
FNDA:0,(anonymous_9)
FNDA:0,(anonymous_10)
FNDA:0,(anonymous_11)
FNDA:0,(anonymous_12)
FNDA:0,(anonymous_13)
FNDA:0,(anonymous_14)
FNDA:0,(anonymous_15)
FNDA:0,(anonymous_16)
FNDA:0,(anonymous_17)
DA:1,1
DA:2,1
DA:3,1
DA:4,1
DA:5,1
DA:6,1
DA:7,1
DA:8,1
DA:9,1
DA:10,1
DA:11,1
DA:12,1
DA:14,1
DA:20,1
DA:24,0
DA:25,0
DA:28,0
DA:29,0
DA:32,0
DA:37,1
DA:40,0
DA:42,0
DA:46,0
DA:71,1
DA:72,2
DA:74,2
DA:76,2
DA:77,2
DA:79,2
DA:80,1
DA:82,1
DA:84,1
DA:85,1
DA:87,0
DA:88,0
DA:92,0
DA:93,0
DA:98,1
DA:99,0
DA:100,0
DA:103,0
DA:108,0
DA:110,0
DA:111,0
DA:113,0
DA:117,0
DA:118,0
DA:122,1
DA:123,0
DA:124,0
DA:125,0
DA:126,0
DA:127,0
DA:130,0
DA:131,0
DA:134,0
DA:135,0
DA:139,1
DA:141,0
DA:142,0
DA:143,0
DA:147,0
DA:149,0
DA:150,0
DA:154,1
DA:156,0
DA:157,0
DA:159,0
DA:160,0
DA:162,0
DA:165,0
DA:166,0
DA:167,0
DA:169,0
DA:173,0
DA:183,0
DA:184,0
DA:186,0
DA:187,0
DA:193,1
DA:194,0
DA:195,0
DA:196,0
DA:197,0
DA:199,0
DA:200,0
DA:203,0
DA:204,0
DA:205,0
DA:206,0
DA:208,0
DA:212,1
DA:213,0
DA:214,0
DA:215,0
DA:216,0
DA:217,0
DA:219,0
DA:220,0
DA:221,0
DA:223,0
DA:224,0
DA:228,1
DA:229,0
DA:230,0
DA:231,0
DA:232,0
DA:233,0
DA:235,0
DA:237,0
DA:238,0
DA:244,1
DA:245,0
DA:246,0
DA:247,0
DA:248,0
DA:254,0
DA:255,0
DA:258,0
DA:260,0
DA:261,0
DA:262,0
DA:264,0
DA:265,0
DA:269,1
DA:270,0
DA:271,0
DA:272,0
DA:273,0
DA:274,0
DA:276,0
DA:278,0
DA:279,0
DA:283,1
DA:284,0
DA:285,0
DA:286,0
DA:287,0
DA:288,0
DA:290,0
DA:291,0
DA:292,0
DA:294,0
DA:295,0
DA:302,1
DA:303,0
DA:305,0
DA:306,0
DA:308,0
DA:310,0
DA:314,0
DA:319,1
DA:320,0
DA:322,0
DA:323,0
DA:325,0
DA:326,0
DA:327,0
DA:328,0
DA:329,0
DA:335,0
DA:336,0
DA:337,0
DA:340,0
DA:343,0
DA:344,0
DA:348,1
DA:349,0
DA:350,0
DA:351,0
DA:353,0
DA:364,0
DA:365,0
DA:368,0
DA:369,0
LF:175
LH:38
BRDA:77,0,0,0
BRDA:77,0,1,2
BRDA:79,1,0,1
BRDA:79,1,1,1
BRDA:84,2,0,1
BRDA:84,2,1,0
BRDA:110,3,0,0
BRDA:110,3,1,0
BRDA:126,4,0,0
BRDA:126,4,1,0
BRDA:166,5,0,0
BRDA:166,5,1,0
BRDA:199,6,0,0
BRDA:199,6,1,0
BRDA:216,7,0,0
BRDA:216,7,1,0
BRDA:232,8,0,0
BRDA:232,8,1,0
BRDA:254,9,0,0
BRDA:254,9,1,0
BRDA:273,10,0,0
BRDA:273,10,1,0
BRDA:287,11,0,0
BRDA:287,11,1,0
BRDA:328,12,0,0
BRDA:328,12,1,0
BRDA:365,13,0,0
BRDA:365,13,1,0
BRF:28
BRH:4
end_of_record
TN:
SF:controllers\DashboardTeacherProfileController.js
FN:11,(anonymous_0)
FN:39,(anonymous_1)
FN:46,(anonymous_2)
FN:57,(anonymous_3)
FN:73,(anonymous_4)
FN:79,(anonymous_5)
FN:93,(anonymous_6)
FN:102,(anonymous_7)
FN:130,(anonymous_8)
FN:166,(anonymous_9)
FN:176,(anonymous_10)
FNF:11
FNH:0
FNDA:0,(anonymous_0)
FNDA:0,(anonymous_1)
FNDA:0,(anonymous_2)
FNDA:0,(anonymous_3)
FNDA:0,(anonymous_4)
FNDA:0,(anonymous_5)
FNDA:0,(anonymous_6)
FNDA:0,(anonymous_7)
FNDA:0,(anonymous_8)
FNDA:0,(anonymous_9)
FNDA:0,(anonymous_10)
DA:1,1
DA:2,1
DA:3,1
DA:4,1
DA:5,1
DA:6,1
DA:7,1
DA:8,1
DA:11,1
DA:12,0
DA:13,0
DA:15,0
DA:17,0
DA:19,0
DA:22,0
DA:23,0
DA:26,0
DA:29,0
DA:31,0
DA:32,0
DA:39,1
DA:41,0
DA:43,0
DA:45,0
DA:46,0
DA:47,0
DA:48,0
DA:51,0
DA:52,0
DA:57,1
DA:58,0
DA:60,0
DA:61,0
DA:64,0
DA:66,0
DA:73,1
DA:74,0
DA:76,0
DA:78,0
DA:79,0
DA:80,0
DA:82,0
DA:84,0
DA:87,0
DA:88,0
DA:93,1
DA:94,0
DA:95,0
DA:97,0
DA:98,0
DA:99,0
DA:100,0
DA:102,0
DA:103,0
DA:105,0
DA:106,0
DA:107,0
DA:108,0
DA:109,0
DA:110,0
DA:111,0
DA:115,0
DA:117,0
DA:122,0
DA:125,0
DA:126,0
DA:130,1
DA:131,0
DA:132,0
DA:133,0
DA:136,0
DA:137,0
DA:139,0
DA:140,0
DA:157,0
DA:160,0
DA:161,0
DA:166,1
DA:167,0
DA:169,0
DA:171,0
DA:172,0
DA:173,0
DA:176,0
DA:178,0
DA:184,0
DA:187,0
DA:188,0
LF:88
LH:15
BRDA:22,0,0,0
BRDA:22,0,1,0
BRDA:60,1,0,0
BRDA:60,1,1,0
BRDA:110,2,0,0
BRDA:110,2,1,0
BRDA:110,3,0,0
BRDA:110,3,1,0
BRDA:172,4,0,0
BRDA:172,4,1,0
BRF:10
BRH:0
end_of_record
TN:
SF:controllers\InstructorController.js
FN:3,(anonymous_0)
FNF:1
FNH:0
FNDA:0,(anonymous_0)
DA:1,1
DA:3,1
DA:5,0
DA:6,0
DA:7,0
DA:9,0
DA:10,0
DA:12,0
DA:15,0
DA:16,0
LF:10
LH:2
BRDA:9,0,0,0
BRDA:9,0,1,0
BRF:2
BRH:0
end_of_record
TN:
SF:controllers\PaymentController.js
FN:8,(anonymous_0)
FNF:1
FNH:0
FNDA:0,(anonymous_0)
DA:1,1
DA:2,1
DA:8,1
DA:9,0
DA:14,0
DA:15,0
DA:16,0
DA:18,0
LF:8
LH:3
BRF:0
BRH:0
end_of_record
TN:
SF:controllers\StudentEditProfileController.js
FN:10,(anonymous_0)
FN:68,(anonymous_1)
FNF:2
FNH:0
FNDA:0,(anonymous_0)
FNDA:0,(anonymous_1)
DA:1,1
DA:2,1
DA:4,1
DA:10,1
DA:11,0
DA:12,0
DA:14,0
DA:26,0
DA:27,0
DA:32,0
DA:33,0
DA:36,0
DA:42,0
DA:47,0
DA:50,0
DA:56,0
DA:62,0
DA:63,0
DA:68,1
DA:69,0
DA:71,0
DA:73,0
DA:76,0
DA:77,0
DA:80,0
DA:82,0
DA:83,0
LF:27
LH:5
BRDA:26,0,0,0
BRDA:26,0,1,0
BRDA:32,1,0,0
BRDA:32,1,1,0
BRDA:32,2,0,0
BRDA:32,2,1,0
BRDA:32,2,2,0
BRDA:76,3,0,0
BRDA:76,3,1,0
BRF:9
BRH:0
end_of_record
TN:
SF:controllers\TeacherController.js
FN:5,(anonymous_0)
FN:55,(anonymous_1)
FN:97,(anonymous_2)
FN:116,(anonymous_3)
FN:140,(anonymous_4)
FNF:5
FNH:0
FNDA:0,(anonymous_0)
FNDA:0,(anonymous_1)
FNDA:0,(anonymous_2)
FNDA:0,(anonymous_3)
FNDA:0,(anonymous_4)
DA:1,1
DA:2,1
DA:3,1
DA:5,1
DA:6,0
DA:7,0
DA:18,0
DA:21,0
DA:23,0
DA:24,0
DA:28,0
DA:29,0
DA:42,0
DA:44,0
DA:46,0
DA:47,0
DA:55,1
DA:56,0
DA:57,0
DA:58,0
DA:59,0
DA:61,0
DA:62,0
DA:65,0
DA:83,0
DA:85,0
DA:92,0
DA:93,0
DA:97,1
DA:99,0
DA:100,0
DA:103,0
DA:104,0
DA:106,0
DA:111,0
DA:116,1
DA:117,0
DA:118,0
DA:123,0
DA:129,0
DA:130,0
DA:133,0
DA:135,0
DA:136,0
DA:140,1
DA:141,0
DA:142,0
DA:145,0
DA:147,0
DA:148,0
DA:151,0
DA:153,0
DA:154,0
LF:53
LH:8
BRDA:23,0,0,0
BRDA:23,0,1,0
BRDA:58,1,0,0
BRDA:58,1,1,0
BRDA:61,2,0,0
BRDA:61,2,1,0
BRDA:129,3,0,0
BRDA:129,3,1,0
BRDA:147,4,0,0
BRDA:147,4,1,0
BRF:10
BRH:0
end_of_record
TN:
SF:controllers\TeacherEditProfileController.js
FN:10,(anonymous_0)
FNF:1
FNH:0
FNDA:0,(anonymous_0)
DA:1,1
DA:2,1
DA:4,1
DA:10,1
DA:11,0
DA:12,0
DA:14,0
DA:26,0
DA:27,0
DA:32,0
DA:33,0
DA:36,0
DA:42,0
DA:47,0
DA:50,0
DA:56,0
DA:62,0
DA:63,0
LF:18
LH:4
BRDA:26,0,0,0
BRDA:26,0,1,0
BRDA:32,1,0,0
BRDA:32,1,1,0
BRDA:32,2,0,0
BRDA:32,2,1,0
BRDA:32,2,2,0
BRF:7
BRH:0
end_of_record
TN:
SF:controllers\TeacherProfileController.js
FN:4,(anonymous_0)
FNF:1
FNH:0
FNDA:0,(anonymous_0)
DA:1,1
DA:2,1
DA:4,1
DA:5,0
DA:7,0
DA:9,0
DA:12,0
DA:13,0
DA:16,0
DA:19,0
DA:21,0
DA:22,0
LF:12
LH:3
BRDA:12,0,0,0
BRDA:12,0,1,0
BRF:2
BRH:0
end_of_record
TN:
SF:controllers\UserController.js
FN:11,(anonymous_0)
FN:37,(anonymous_1)
FN:63,(anonymous_2)
FN:81,(anonymous_3)
FN:100,(anonymous_4)
FN:106,(anonymous_5)
FN:112,(anonymous_6)
FN:115,(anonymous_7)
FN:118,(anonymous_8)
FN:150,(anonymous_9)
FN:165,(anonymous_10)
FN:191,(anonymous_11)
FN:212,(anonymous_12)
FN:223,(anonymous_13)
FN:232,(anonymous_14)
FN:240,(anonymous_15)
FN:251,(anonymous_16)
FN:272,(anonymous_17)
FN:275,(anonymous_18)
FNF:19
FNH:0
FNDA:0,(anonymous_0)
FNDA:0,(anonymous_1)
FNDA:0,(anonymous_2)
FNDA:0,(anonymous_3)
FNDA:0,(anonymous_4)
FNDA:0,(anonymous_5)
FNDA:0,(anonymous_6)
FNDA:0,(anonymous_7)
FNDA:0,(anonymous_8)
FNDA:0,(anonymous_9)
FNDA:0,(anonymous_10)
FNDA:0,(anonymous_11)
FNDA:0,(anonymous_12)
FNDA:0,(anonymous_13)
FNDA:0,(anonymous_14)
FNDA:0,(anonymous_15)
FNDA:0,(anonymous_16)
FNDA:0,(anonymous_17)
FNDA:0,(anonymous_18)
DA:1,1
DA:2,1
DA:3,1
DA:4,1
DA:5,1
DA:6,1
DA:7,1
DA:8,1
DA:9,1
DA:11,1
DA:13,0
DA:14,0
DA:15,0
DA:16,0
DA:17,0
DA:19,0
DA:20,0
DA:23,0
DA:24,0
DA:26,0
DA:27,0
DA:29,0
DA:32,0
DA:33,0
DA:37,1
DA:39,0
DA:40,0
DA:42,0
DA:43,0
DA:46,0
DA:47,0
DA:50,0
DA:51,0
DA:52,0
DA:53,0
DA:55,0
DA:58,0
DA:59,0
DA:63,1
DA:65,0
DA:67,0
DA:68,0
DA:69,0
DA:70,0
DA:71,0
DA:74,0
DA:76,0
DA:77,0
DA:81,1
DA:85,0
DA:88,0
DA:89,0
DA:100,0
DA:102,0
DA:106,0
DA:110,0
DA:112,0
DA:114,0
DA:115,0
DA:118,0
DA:119,0
DA:120,0
DA:121,0
DA:123,0
DA:127,0
DA:128,0
DA:131,0
DA:135,0
DA:136,0
DA:137,0
DA:138,0
DA:139,0
DA:142,0
DA:144,0
DA:145,0
DA:150,1
DA:152,0
DA:153,0
DA:154,0
DA:155,0
DA:156,0
DA:157,0
DA:158,0
DA:161,0
DA:162,0
DA:165,0
DA:166,0
DA:167,0
DA:169,0
DA:175,0
DA:176,0
DA:178,0
DA:179,0
DA:183,0
DA:186,0
DA:187,0
DA:191,1
DA:192,0
DA:194,0
DA:195,0
DA:198,0
DA:199,0
DA:205,0
DA:207,0
DA:208,0
DA:212,1
DA:214,0
DA:215,0
DA:216,0
DA:217,0
DA:219,0
DA:220,0
DA:222,0
DA:223,0
DA:224,0
DA:225,0
DA:227,0
DA:228,0
DA:232,1
DA:233,0
DA:234,0
DA:235,0
DA:236,0
DA:237,0
DA:240,0
DA:241,0
DA:245,0
DA:246,0
DA:251,1
DA:253,0
DA:254,0
DA:255,0
DA:256,0
DA:257,0
DA:260,0
DA:262,0
DA:263,0
DA:264,0
DA:265,0
DA:268,0
DA:269,0
DA:272,0
DA:273,0
DA:274,0
DA:275,0
DA:276,0
DA:277,0
DA:278,0
DA:280,0
DA:282,0
DA:283,0
DA:286,0
DA:288,0
DA:289,0
DA:291,0
DA:293,0
DA:294,0
LF:157
LH:18
BRDA:19,0,0,0
BRDA:19,0,1,0
BRDA:23,1,0,0
BRDA:23,1,1,0
BRDA:46,2,0,0
BRDA:46,2,1,0
BRDA:50,3,0,0
BRDA:50,3,1,0
BRDA:70,4,0,0
BRDA:70,4,1,0
BRDA:120,5,0,0
BRDA:120,5,1,0
BRDA:138,6,0,0
BRDA:138,6,1,0
BRDA:157,7,0,0
BRDA:157,7,1,0
BRDA:161,8,0,0
BRDA:161,8,1,0
BRDA:165,9,0,0
BRDA:165,9,1,0
BRDA:194,10,0,0
BRDA:194,10,1,0
BRDA:194,11,0,0
BRDA:194,11,1,0
BRDA:194,11,2,0
BRDA:219,12,0,0
BRDA:219,12,1,0
BRDA:236,13,0,0
BRDA:236,13,1,0
BRDA:256,14,0,0
BRDA:256,14,1,0
BRDA:256,15,0,0
BRDA:256,15,1,0
BRDA:256,15,2,0
BRDA:264,16,0,0
BRDA:264,16,1,0
BRDA:268,17,0,0
BRDA:268,17,1,0
BRDA:273,18,0,0
BRDA:273,18,1,0
BRDA:276,19,0,0
BRDA:276,19,1,0
BRDA:282,20,0,0
BRDA:282,20,1,0
BRF:44
BRH:0
end_of_record
TN:
SF:controllers\__test__\Course.js
FN:6,(anonymous_0)
FN:9,(anonymous_1)
FN:21,(anonymous_2)
FN:85,(anonymous_3)
FN:101,(anonymous_4)
FNF:5
FNH:0
FNDA:0,(anonymous_0)
FNDA:0,(anonymous_1)
FNDA:0,(anonymous_2)
FNDA:0,(anonymous_3)
FNDA:0,(anonymous_4)
DA:1,0
DA:2,0
DA:6,0
DA:9,0
DA:10,0
DA:15,0
DA:21,0
DA:22,0
DA:70,0
DA:73,0
DA:76,0
DA:77,0
DA:82,0
DA:85,0
DA:87,0
DA:90,0
DA:93,0
DA:94,0
DA:98,0
DA:101,0
DA:102,0
DA:105,0
DA:108,0
DA:111,0
DA:112,0
DA:116,0
LF:26
LH:0
BRF:0
BRH:0
end_of_record
TN:
SF:database\cache.js
FNF:0
FNH:0
DA:1,1
DA:3,1
DA:8,1
LF:3
LH:3
BRF:0
BRH:0
end_of_record
TN:
SF:database\db.js
FN:3,(anonymous_0)
FNF:1
FNH:1
FNDA:1,(anonymous_0)
DA:1,1
DA:3,1
DA:4,1
DA:6,1
DA:10,1
DA:13,0
DA:17,1
LF:7
LH:6
BRDA:6,0,0,1
BRDA:6,0,1,0
BRF:2
BRH:1
end_of_record
TN:
SF:helper\authhelper.js
FN:6,(anonymous_0)
FN:20,(anonymous_1)
FNF:2
FNH:0
FNDA:0,(anonymous_0)
FNDA:0,(anonymous_1)
DA:1,1
DA:6,1
DA:8,0
DA:9,0
DA:10,0
DA:11,0
DA:13,0
DA:20,1
DA:21,0
LF:9
LH:3
BRF:0
BRH:0
end_of_record
TN:
SF:helper\redis.js
FNF:0
FNH:0
LF:0
LH:0
BRF:0
BRH:0
end_of_record
TN:
SF:middleware\authmiddleware.js
FN:5,(anonymous_0)
FN:26,(anonymous_1)
FNF:2
FNH:0
FNDA:0,(anonymous_0)
FNDA:0,(anonymous_1)
DA:2,1
DA:3,1
DA:5,1
DA:10,0
DA:12,0
DA:13,0
DA:14,0
DA:17,0
DA:22,0
DA:26,1
DA:27,0
DA:28,0
DA:29,0
DA:30,0
DA:36,0
DA:39,0
DA:40,0
LF:17
LH:4
BRDA:29,0,0,0
BRDA:29,0,1,0
BRF:2
BRH:0
end_of_record
TN:
SF:models\admin.js
FNF:0
FNH:0
DA:1,1
DA:3,1
DA:5,1
DA:17,1
LF:4
LH:4
BRF:0
BRH:0
end_of_record
TN:
SF:models\category.js
FNF:0
FNH:0
DA:1,1
DA:3,1
DA:11,1
LF:3
LH:3
BRF:0
BRH:0
end_of_record
TN:
SF:models\comment.js
FNF:0
FNH:0
DA:1,1
DA:3,1
DA:5,1
DA:22,1
LF:4
LH:4
BRF:0
BRH:0
end_of_record
TN:
SF:models\contact.js
FNF:0
FNH:0
DA:1,1
DA:3,1
DA:6,1
DA:14,1
LF:4
LH:4
BRF:0
BRH:0
end_of_record
TN:
SF:models\course.js
FNF:0
FNH:0
DA:1,1
DA:2,1
DA:4,1
DA:75,1
LF:4
LH:4
BRF:0
BRH:0
end_of_record
TN:
SF:models\order.js
FNF:0
FNH:0
DA:1,1
DA:4,1
DA:26,1
LF:3
LH:3
BRF:0
BRH:0
end_of_record
TN:
SF:models\progress.js
FNF:0
FNH:0
DA:1,0
DA:3,0
DA:22,0
LF:3
LH:0
BRF:0
BRH:0
end_of_record
TN:
SF:models\purchase.js
FNF:0
FNH:0
DA:1,1
DA:4,1
DA:28,1
LF:3
LH:3
BRF:0
BRH:0
end_of_record
TN:
SF:models\quizes.js
FNF:0
FNH:0
DA:1,0
DA:3,0
DA:18,0
DA:35,0
DA:37,0
LF:5
LH:0
BRF:0
BRH:0
end_of_record
TN:
SF:models\rating.js
FNF:0
FNH:0
DA:1,1
DA:3,1
DA:21,1
LF:3
LH:3
BRF:0
BRH:0
end_of_record
TN:
SF:models\sections.js
FNF:0
FNH:0
DA:1,1
DA:3,1
DA:23,1
LF:3
LH:3
BRF:0
BRH:0
end_of_record
TN:
SF:models\teacher.js
FNF:0
FNH:0
DA:3,1
DA:5,1
DA:8,1
DA:82,1
LF:4
LH:4
BRF:0
BRH:0
end_of_record
TN:
SF:models\user.js
FNF:0
FNH:0
DA:1,1
DA:3,1
DA:6,1
DA:75,1
LF:4
LH:4
BRF:0
BRH:0
end_of_record
TN:
SF:models\videos.js
FNF:0
FNH:0
DA:1,1
DA:3,1
DA:14,1
LF:3
LH:3
BRF:0
BRH:0
end_of_record
TN:
SF:routes\AdminRoutes.js
FN:42,(anonymous_0)
FNF:1
FNH:0
FNDA:0,(anonymous_0)
DA:1,1
DA:2,1
DA:4,1
DA:6,1
DA:10,1
DA:14,1
DA:18,1
DA:22,1
DA:26,1
DA:30,1
DA:34,1
DA:38,1
DA:42,1
DA:43,0
DA:44,0
DA:48,1
LF:16
LH:14
BRF:0
BRH:0
end_of_record
TN:
SF:routes\AuthRoutes.js
FNF:0
FNH:0
DA:1,1
DA:2,1
DA:4,1
DA:7,1
DA:57,1
DA:94,1
DA:132,1
DA:168,1
LF:8
LH:8
BRF:0
BRH:0
end_of_record
TN:
SF:routes\CourseRoutes.js
FN:53,(anonymous_0)
FNF:1
FNH:0
FNDA:0,(anonymous_0)
DA:1,1
DA:2,1
DA:3,1
DA:4,1
DA:5,1
DA:6,1
DA:7,1
DA:8,1
DA:9,1
DA:12,1
DA:20,1
DA:29,1
DA:33,1
DA:53,1
DA:79,1
DA:114,1
DA:145,1
DA:165,1
DA:173,1
DA:177,1
DA:180,1
DA:183,1
DA:186,1
DA:189,1
DA:193,1
DA:196,1
DA:200,1
DA:205,1
LF:28
LH:28
BRF:0
BRH:0
end_of_record
TN:
SF:routes\PaymentRoutes.js
FNF:0
FNH:0
DA:1,1
DA:2,1
DA:3,1
DA:7,1
DA:31,1
LF:5
LH:5
BRF:0
BRH:0
end_of_record
TN:
SF:routes\TeacherRoutes.js
FNF:0
FNH:0
DA:1,1
DA:4,1
DA:6,1
DA:7,1
DA:9,1
DA:11,1
DA:31,1
DA:55,1
DA:80,1
DA:84,1
DA:88,1
DA:92,1
DA:96,1
DA:100,1
DA:104,1
DA:108,1
LF:16
LH:16
BRF:0
BRH:0
end_of_record
TN:
SF:routes\UserRoutes.js
FNF:0
FNH:0
DA:1,1
DA:2,1
DA:5,1
DA:6,1
DA:7,1
DA:8,1
DA:9,1
DA:10,1
DA:12,1
DA:15,1
DA:40,1
DA:72,1
DA:110,1
DA:142,1
DA:179,1
DA:208,1
DA:213,1
DA:242,1
DA:246,1
DA:251,1
DA:255,1
DA:259,1
DA:260,1
DA:262,1
LF:24
LH:24
BRF:0
BRH:0
end_of_record
